2022-08-18_23-39-17 [restartedMain] INFO  c.p.p.ProcessPensionServiceApplication - Starting ProcessPensionServiceApplication using Java 17.0.3 on DESKTOP-KE8A2D8 with PID 11196 (C:\Users\msspy\Desktop\Pension Management System\process-pension-micro-service\target\classes started by msspy in C:\Users\msspy\Desktop\Pension Management System\process-pension-micro-service)
2022-08-18_23-39-17 [restartedMain] INFO  c.p.p.ProcessPensionServiceApplication - No active profile set, falling back to 1 default profile: "default"
2022-08-18_23-39-17 [restartedMain] INFO  o.s.b.d.e.DevToolsPropertyDefaultsPostProcessor - Devtools property defaults active! Set 'spring.devtools.add-properties' to 'false' to disable
2022-08-18_23-39-17 [restartedMain] INFO  o.s.b.d.e.DevToolsPropertyDefaultsPostProcessor - For additional web related logging consider setting the 'logging.level.web' property to 'DEBUG'
2022-08-18_23-39-17 [restartedMain] INFO  o.s.cloud.context.scope.GenericScope - BeanFactory id=89efa114-6f19-3e7c-a3e9-e7c017389818
2022-08-18_23-39-17 [restartedMain] INFO  o.s.b.w.e.tomcat.TomcatWebServer - Tomcat initialized with port(s): 8300 (http)
2022-08-18_23-39-17 [restartedMain] INFO  o.a.coyote.http11.Http11NioProtocol - Initializing ProtocolHandler ["http-nio-8300"]
2022-08-18_23-39-17 [restartedMain] INFO  o.a.catalina.core.StandardService - Starting service [Tomcat]
2022-08-18_23-39-17 [restartedMain] INFO  o.a.catalina.core.StandardEngine - Starting Servlet engine: [Apache Tomcat/9.0.65]
2022-08-18_23-39-17 [restartedMain] INFO  o.a.c.c.C.[.[localhost].[/process] - Initializing Spring embedded WebApplicationContext
2022-08-18_23-39-17 [restartedMain] INFO  o.s.b.w.s.c.ServletWebServerApplicationContext - Root WebApplicationContext: initialization completed in 2631 ms
2022-08-18_23-39-17 [restartedMain] INFO  o.s.b.d.a.OptionalLiveReloadServer - LiveReload server is running on port 35729
2022-08-18_23-39-17 [restartedMain] INFO  o.s.b.a.e.web.EndpointLinksResolver - Exposing 1 endpoint(s) beneath base path '/manage'
2022-08-18_23-39-17 [restartedMain] INFO  o.a.coyote.http11.Http11NioProtocol - Starting ProtocolHandler ["http-nio-8300"]
2022-08-18_23-39-17 [restartedMain] INFO  o.s.b.w.e.tomcat.TomcatWebServer - Tomcat started on port(s): 8300 (http) with context path '/process'
2022-08-18_23-39-17 [restartedMain] INFO  c.p.p.ProcessPensionServiceApplication - Started ProcessPensionServiceApplication in 6.282 seconds (JVM running for 8.284)
2022-08-18_23-40-12 [restartedMain] INFO  c.p.p.ProcessPensionServiceApplication - Starting ProcessPensionServiceApplication using Java 17.0.3 on DESKTOP-KE8A2D8 with PID 11196 (C:\Users\msspy\Desktop\Pension Management System\process-pension-micro-service\target\classes started by msspy in C:\Users\msspy\Desktop\Pension Management System\process-pension-micro-service)
2022-08-18_23-40-12 [restartedMain] INFO  c.p.p.ProcessPensionServiceApplication - No active profile set, falling back to 1 default profile: "default"
2022-08-18_23-41-29 [restartedMain] INFO  c.p.p.ProcessPensionMicroServiceApplication - Starting ProcessPensionMicroServiceApplication using Java 17.0.3 on DESKTOP-KE8A2D8 with PID 16972 (C:\Users\msspy\Desktop\Pension Management System\process-pension-micro-service\target\classes started by msspy in C:\Users\msspy\Desktop\Pension Management System\process-pension-micro-service)
2022-08-18_23-41-29 [restartedMain] INFO  c.p.p.ProcessPensionMicroServiceApplication - No active profile set, falling back to 1 default profile: "default"
2022-08-18_23-41-29 [restartedMain] INFO  o.s.b.d.e.DevToolsPropertyDefaultsPostProcessor - Devtools property defaults active! Set 'spring.devtools.add-properties' to 'false' to disable
2022-08-18_23-41-29 [restartedMain] INFO  o.s.b.d.e.DevToolsPropertyDefaultsPostProcessor - For additional web related logging consider setting the 'logging.level.web' property to 'DEBUG'
2022-08-18_23-41-29 [restartedMain] INFO  o.s.cloud.context.scope.GenericScope - BeanFactory id=4c985965-16a5-39e6-8298-05868b3d8651
2022-08-18_23-41-29 [restartedMain] INFO  o.s.b.w.e.tomcat.TomcatWebServer - Tomcat initialized with port(s): 8300 (http)
2022-08-18_23-41-29 [restartedMain] INFO  o.a.coyote.http11.Http11NioProtocol - Initializing ProtocolHandler ["http-nio-8300"]
2022-08-18_23-41-29 [restartedMain] INFO  o.a.catalina.core.StandardService - Starting service [Tomcat]
2022-08-18_23-41-29 [restartedMain] INFO  o.a.catalina.core.StandardEngine - Starting Servlet engine: [Apache Tomcat/9.0.65]
2022-08-18_23-41-29 [restartedMain] INFO  o.a.c.c.C.[.[localhost].[/process] - Initializing Spring embedded WebApplicationContext
2022-08-18_23-41-29 [restartedMain] INFO  o.s.b.w.s.c.ServletWebServerApplicationContext - Root WebApplicationContext: initialization completed in 3129 ms
2022-08-18_23-41-29 [restartedMain] INFO  o.s.b.d.a.OptionalLiveReloadServer - LiveReload server is running on port 35729
2022-08-18_23-41-29 [restartedMain] INFO  o.s.b.a.e.web.EndpointLinksResolver - Exposing 1 endpoint(s) beneath base path '/manage'
2022-08-18_23-41-29 [restartedMain] INFO  o.a.coyote.http11.Http11NioProtocol - Starting ProtocolHandler ["http-nio-8300"]
2022-08-18_23-41-29 [restartedMain] INFO  o.s.b.w.e.tomcat.TomcatWebServer - Tomcat started on port(s): 8300 (http) with context path '/process'
2022-08-18_23-41-29 [restartedMain] INFO  c.p.p.ProcessPensionMicroServiceApplication - Started ProcessPensionMicroServiceApplication in 6.372 seconds (JVM running for 8.181)
2022-08-18_23-41-29 [RMI TCP Connection(3)-127.0.0.1] INFO  o.a.c.c.C.[.[localhost].[/process] - Initializing Spring DispatcherServlet 'dispatcherServlet'
2022-08-18_23-41-29 [RMI TCP Connection(3)-127.0.0.1] INFO  o.s.web.servlet.DispatcherServlet - Initializing Servlet 'dispatcherServlet'
2022-08-18_23-41-29 [RMI TCP Connection(3)-127.0.0.1] INFO  o.s.web.servlet.DispatcherServlet - Completed initialization in 3 ms
2022-08-18_23-41-29 [http-nio-8300-exec-2] INFO  c.p.p.c.ProcessPensionController - Token valid :true
2022-08-18_23-41-29 [http-nio-8300-exec-5] INFO  c.p.p.c.ProcessPensionController - Token valid :true
2022-08-18_23-41-29 [RMI TCP Connection(11)-127.0.0.1] INFO  o.s.b.a.SpringApplicationAdminMXBeanRegistrar$SpringApplicationAdmin - Application shutdown requested.
2022-08-18_23-49-48 [main] INFO  o.s.b.t.c.SpringBootTestContextBootstrapper - Neither @ContextConfiguration nor @ContextHierarchy found for test class [com.pension.process.service.ProcessPensionServiceTest], using SpringBootContextLoader
2022-08-18_23-49-48 [main] INFO  o.s.t.c.s.AbstractContextLoader - Could not detect default resource locations for test class [com.pension.process.service.ProcessPensionServiceTest]: no resource found for suffixes {-context.xml, Context.groovy}.
2022-08-18_23-49-48 [main] INFO  o.s.t.c.s.AnnotationConfigContextLoaderUtils - Could not detect default configuration classes for test class [com.pension.process.service.ProcessPensionServiceTest]: ProcessPensionServiceTest does not declare any static, non-private, non-final, nested classes annotated with @Configuration.
2022-08-18_23-49-48 [main] INFO  o.s.b.t.c.SpringBootTestContextBootstrapper - Found @SpringBootConfiguration com.pension.process.ProcessPensionMicroServiceApplication for test class com.pension.process.service.ProcessPensionServiceTest
2022-08-18_23-49-48 [main] INFO  o.s.b.t.c.SpringBootTestContextBootstrapper - Loaded default TestExecutionListener class names from location [META-INF/spring.factories]: [org.springframework.boot.test.mock.mockito.MockitoTestExecutionListener, org.springframework.boot.test.mock.mockito.ResetMocksTestExecutionListener, org.springframework.boot.test.autoconfigure.restdocs.RestDocsTestExecutionListener, org.springframework.boot.test.autoconfigure.web.client.MockRestServiceServerResetTestExecutionListener, org.springframework.boot.test.autoconfigure.web.servlet.MockMvcPrintOnlyOnFailureTestExecutionListener, org.springframework.boot.test.autoconfigure.web.servlet.WebDriverTestExecutionListener, org.springframework.boot.test.autoconfigure.webservices.client.MockWebServiceServerTestExecutionListener, org.springframework.test.context.web.ServletTestExecutionListener, org.springframework.test.context.support.DirtiesContextBeforeModesTestExecutionListener, org.springframework.test.context.event.ApplicationEventsTestExecutionListener, org.springframework.test.context.support.DependencyInjectionTestExecutionListener, org.springframework.test.context.support.DirtiesContextTestExecutionListener, org.springframework.test.context.transaction.TransactionalTestExecutionListener, org.springframework.test.context.jdbc.SqlScriptsTestExecutionListener, org.springframework.test.context.event.EventPublishingTestExecutionListener]
2022-08-18_23-49-48 [main] INFO  o.s.b.t.c.SpringBootTestContextBootstrapper - Using TestExecutionListeners: [org.springframework.test.context.web.ServletTestExecutionListener@214beff9, org.springframework.test.context.support.DirtiesContextBeforeModesTestExecutionListener@1ff15a50, org.springframework.test.context.event.ApplicationEventsTestExecutionListener@217c23ce, org.springframework.boot.test.mock.mockito.MockitoTestExecutionListener@39de9bda, org.springframework.boot.test.autoconfigure.SpringBootDependencyInjectionTestExecutionListener@47148f3f, org.springframework.test.context.support.DirtiesContextTestExecutionListener@52226e57, org.springframework.test.context.event.EventPublishingTestExecutionListener@1200458e, org.springframework.boot.test.mock.mockito.ResetMocksTestExecutionListener@5fcd1c5f, org.springframework.boot.test.autoconfigure.restdocs.RestDocsTestExecutionListener@3cc30dee, org.springframework.boot.test.autoconfigure.web.client.MockRestServiceServerResetTestExecutionListener@7d528cf7, org.springframework.boot.test.autoconfigure.web.servlet.MockMvcPrintOnlyOnFailureTestExecutionListener@6dee8ae6, org.springframework.boot.test.autoconfigure.web.servlet.WebDriverTestExecutionListener@5af64ce0, org.springframework.boot.test.autoconfigure.webservices.client.MockWebServiceServerTestExecutionListener@7e7e962d]
2022-08-18_23-49-50 [main] INFO  c.p.p.s.ProcessPensionServiceTest - Starting ProcessPensionServiceTest using Java 17.0.3 on DESKTOP-KE8A2D8 with PID 10272 (started by msspy in C:\Users\msspy\Desktop\Pension Management System\process-pension-micro-service)
2022-08-18_23-49-50 [main] INFO  c.p.p.s.ProcessPensionServiceTest - No active profile set, falling back to 1 default profile: "default"
2022-08-18_23-49-50 [main] INFO  o.s.cloud.context.scope.GenericScope - BeanFactory id=b11a271f-ba4f-36c8-9cce-297144771b80
2022-08-18_23-49-50 [main] INFO  o.s.b.t.m.w.SpringBootMockServletContext - Initializing Spring TestDispatcherServlet ''
2022-08-18_23-49-50 [main] INFO  o.s.t.w.s.TestDispatcherServlet - Initializing Servlet ''
2022-08-18_23-49-50 [main] INFO  o.s.b.a.e.web.EndpointLinksResolver - Exposing 1 endpoint(s) beneath base path '/manage'
2022-08-18_23-49-50 [main] INFO  o.s.t.w.s.TestDispatcherServlet - Completed initialization in 78 ms
2022-08-18_23-49-50 [main] INFO  c.p.p.s.ProcessPensionServiceTest - Started ProcessPensionServiceTest in 7.681 seconds (JVM running for 12.601)
2022-08-18_23-49-50 [main] INFO  o.s.b.t.c.SpringBootTestContextBootstrapper - Neither @ContextConfiguration nor @ContextHierarchy found for test class [com.pension.process.ProcessPensionMicroServiceApplicationTests], using SpringBootContextLoader
2022-08-18_23-49-50 [main] INFO  o.s.t.c.s.AbstractContextLoader - Could not detect default resource locations for test class [com.pension.process.ProcessPensionMicroServiceApplicationTests]: no resource found for suffixes {-context.xml, Context.groovy}.
2022-08-18_23-49-50 [main] INFO  o.s.t.c.s.AnnotationConfigContextLoaderUtils - Could not detect default configuration classes for test class [com.pension.process.ProcessPensionMicroServiceApplicationTests]: ProcessPensionMicroServiceApplicationTests does not declare any static, non-private, non-final, nested classes annotated with @Configuration.
2022-08-18_23-49-50 [main] INFO  o.s.b.t.c.SpringBootTestContextBootstrapper - Found @SpringBootConfiguration com.pension.process.ProcessPensionMicroServiceApplication for test class com.pension.process.ProcessPensionMicroServiceApplicationTests
2022-08-18_23-49-50 [main] INFO  o.s.b.t.c.SpringBootTestContextBootstrapper - Loaded default TestExecutionListener class names from location [META-INF/spring.factories]: [org.springframework.boot.test.mock.mockito.MockitoTestExecutionListener, org.springframework.boot.test.mock.mockito.ResetMocksTestExecutionListener, org.springframework.boot.test.autoconfigure.restdocs.RestDocsTestExecutionListener, org.springframework.boot.test.autoconfigure.web.client.MockRestServiceServerResetTestExecutionListener, org.springframework.boot.test.autoconfigure.web.servlet.MockMvcPrintOnlyOnFailureTestExecutionListener, org.springframework.boot.test.autoconfigure.web.servlet.WebDriverTestExecutionListener, org.springframework.boot.test.autoconfigure.webservices.client.MockWebServiceServerTestExecutionListener, org.springframework.test.context.web.ServletTestExecutionListener, org.springframework.test.context.support.DirtiesContextBeforeModesTestExecutionListener, org.springframework.test.context.event.ApplicationEventsTestExecutionListener, org.springframework.test.context.support.DependencyInjectionTestExecutionListener, org.springframework.test.context.support.DirtiesContextTestExecutionListener, org.springframework.test.context.transaction.TransactionalTestExecutionListener, org.springframework.test.context.jdbc.SqlScriptsTestExecutionListener, org.springframework.test.context.event.EventPublishingTestExecutionListener]
2022-08-18_23-49-50 [main] INFO  o.s.b.t.c.SpringBootTestContextBootstrapper - Using TestExecutionListeners: [org.springframework.test.context.web.ServletTestExecutionListener@50df710a, org.springframework.test.context.support.DirtiesContextBeforeModesTestExecutionListener@eb3b4d7, org.springframework.test.context.event.ApplicationEventsTestExecutionListener@1d4ae17e, org.springframework.boot.test.mock.mockito.MockitoTestExecutionListener@44e69674, org.springframework.boot.test.autoconfigure.SpringBootDependencyInjectionTestExecutionListener@6f1af8c3, org.springframework.test.context.support.DirtiesContextTestExecutionListener@7c9cecfb, org.springframework.test.context.event.EventPublishingTestExecutionListener@3697a307, org.springframework.boot.test.mock.mockito.ResetMocksTestExecutionListener@4632d697, org.springframework.boot.test.autoconfigure.restdocs.RestDocsTestExecutionListener@7e56e272, org.springframework.boot.test.autoconfigure.web.client.MockRestServiceServerResetTestExecutionListener@65b63277, org.springframework.boot.test.autoconfigure.web.servlet.MockMvcPrintOnlyOnFailureTestExecutionListener@6e323a5d, org.springframework.boot.test.autoconfigure.web.servlet.WebDriverTestExecutionListener@3e64cf62, org.springframework.boot.test.autoconfigure.webservices.client.MockWebServiceServerTestExecutionListener@7768ffae]
2022-08-18_23-49-58 [main] INFO  c.p.p.ProcessPensionMicroServiceApplicationTests - Starting ProcessPensionMicroServiceApplicationTests using Java 17.0.3 on DESKTOP-KE8A2D8 with PID 10272 (started by msspy in C:\Users\msspy\Desktop\Pension Management System\process-pension-micro-service)
2022-08-18_23-49-58 [main] INFO  c.p.p.ProcessPensionMicroServiceApplicationTests - No active profile set, falling back to 1 default profile: "default"
2022-08-18_23-49-58 [main] INFO  o.s.cloud.context.scope.GenericScope - BeanFactory id=d356ad53-fcc3-31ae-8c37-ca731ecb5330
2022-08-18_23-49-58 [main] INFO  o.s.b.a.e.web.EndpointLinksResolver - Exposing 1 endpoint(s) beneath base path '/manage'
2022-08-18_23-49-58 [main] INFO  c.p.p.ProcessPensionMicroServiceApplicationTests - Started ProcessPensionMicroServiceApplicationTests in 2.247 seconds (JVM running for 15.413)
2022-08-18_23-49-58 [main] INFO  o.s.b.t.c.SpringBootTestContextBootstrapper - Neither @ContextConfiguration nor @ContextHierarchy found for test class [com.pension.process.controller.ProcessPensionControllerTest], using SpringBootContextLoader
2022-08-18_23-49-58 [main] INFO  o.s.t.c.s.AbstractContextLoader - Could not detect default resource locations for test class [com.pension.process.controller.ProcessPensionControllerTest]: no resource found for suffixes {-context.xml, Context.groovy}.
2022-08-18_23-49-58 [main] INFO  o.s.t.c.s.AnnotationConfigContextLoaderUtils - Could not detect default configuration classes for test class [com.pension.process.controller.ProcessPensionControllerTest]: ProcessPensionControllerTest does not declare any static, non-private, non-final, nested classes annotated with @Configuration.
2022-08-18_23-49-58 [main] INFO  o.s.b.t.c.SpringBootTestContextBootstrapper - Found @SpringBootConfiguration com.pension.process.ProcessPensionMicroServiceApplication for test class com.pension.process.controller.ProcessPensionControllerTest
2022-08-18_23-49-58 [main] INFO  o.s.b.t.c.SpringBootTestContextBootstrapper - Loaded default TestExecutionListener class names from location [META-INF/spring.factories]: [org.springframework.boot.test.mock.mockito.MockitoTestExecutionListener, org.springframework.boot.test.mock.mockito.ResetMocksTestExecutionListener, org.springframework.boot.test.autoconfigure.restdocs.RestDocsTestExecutionListener, org.springframework.boot.test.autoconfigure.web.client.MockRestServiceServerResetTestExecutionListener, org.springframework.boot.test.autoconfigure.web.servlet.MockMvcPrintOnlyOnFailureTestExecutionListener, org.springframework.boot.test.autoconfigure.web.servlet.WebDriverTestExecutionListener, org.springframework.boot.test.autoconfigure.webservices.client.MockWebServiceServerTestExecutionListener, org.springframework.test.context.web.ServletTestExecutionListener, org.springframework.test.context.support.DirtiesContextBeforeModesTestExecutionListener, org.springframework.test.context.event.ApplicationEventsTestExecutionListener, org.springframework.test.context.support.DependencyInjectionTestExecutionListener, org.springframework.test.context.support.DirtiesContextTestExecutionListener, org.springframework.test.context.transaction.TransactionalTestExecutionListener, org.springframework.test.context.jdbc.SqlScriptsTestExecutionListener, org.springframework.test.context.event.EventPublishingTestExecutionListener]
2022-08-18_23-49-58 [main] INFO  o.s.b.t.c.SpringBootTestContextBootstrapper - Using TestExecutionListeners: [org.springframework.test.context.web.ServletTestExecutionListener@43114981, org.springframework.test.context.support.DirtiesContextBeforeModesTestExecutionListener@3252daf2, org.springframework.test.context.event.ApplicationEventsTestExecutionListener@62225578, org.springframework.boot.test.mock.mockito.MockitoTestExecutionListener@5c15d1bc, org.springframework.boot.test.autoconfigure.SpringBootDependencyInjectionTestExecutionListener@1581c6fe, org.springframework.test.context.support.DirtiesContextTestExecutionListener@31201bf6, org.springframework.test.context.event.EventPublishingTestExecutionListener@4159113f, org.springframework.boot.test.mock.mockito.ResetMocksTestExecutionListener@3333b099, org.springframework.boot.test.autoconfigure.restdocs.RestDocsTestExecutionListener@281e2637, org.springframework.boot.test.autoconfigure.web.client.MockRestServiceServerResetTestExecutionListener@19507769, org.springframework.boot.test.autoconfigure.web.servlet.MockMvcPrintOnlyOnFailureTestExecutionListener@10095d95, org.springframework.boot.test.autoconfigure.web.servlet.WebDriverTestExecutionListener@3e909075, org.springframework.boot.test.autoconfigure.webservices.client.MockWebServiceServerTestExecutionListener@6766260e]
2022-08-18_23-50-00 [main] INFO  c.p.p.c.ProcessPensionControllerTest - Starting ProcessPensionControllerTest using Java 17.0.3 on DESKTOP-KE8A2D8 with PID 10272 (started by msspy in C:\Users\msspy\Desktop\Pension Management System\process-pension-micro-service)
2022-08-18_23-50-00 [main] INFO  c.p.p.c.ProcessPensionControllerTest - No active profile set, falling back to 1 default profile: "default"
2022-08-18_23-50-00 [main] INFO  o.s.cloud.context.scope.GenericScope - BeanFactory id=b11a271f-ba4f-36c8-9cce-297144771b80
2022-08-18_23-50-00 [main] INFO  o.s.b.t.m.w.SpringBootMockServletContext - Initializing Spring TestDispatcherServlet ''
2022-08-18_23-50-00 [main] INFO  o.s.t.w.s.TestDispatcherServlet - Initializing Servlet ''
2022-08-18_23-50-00 [main] INFO  o.s.b.a.e.web.EndpointLinksResolver - Exposing 1 endpoint(s) beneath base path '/manage'
2022-08-18_23-50-00 [main] INFO  o.s.t.w.s.TestDispatcherServlet - Completed initialization in 54 ms
2022-08-18_23-50-00 [main] INFO  c.p.p.c.ProcessPensionControllerTest - Started ProcessPensionControllerTest in 2.447 seconds (JVM running for 17.914)
2022-08-18_23-50-00 [main] INFO  c.p.p.c.ProcessPensionController - Token valid :true
2022-08-18_23-50-00 [main] INFO  c.p.p.c.ProcessPensionController - Token valid :true
2022-08-18_23-50-00 [main] INFO  c.p.p.c.ProcessPensionController - Token valid :true
