2022-08-19_16-59-07 [restartedMain] INFO  c.p.p.ProcessPensionMicroServiceApplication - Starting ProcessPensionMicroServiceApplication using Java 17.0.3 on DESKTOP-KE8A2D8 with PID 18988 (C:\Users\msspy\Desktop\Pension Management System\process-pension-micro-service\target\classes started by msspy in C:\Users\msspy\Desktop\Pension Management System\process-pension-micro-service)
2022-08-19_16-59-07 [restartedMain] INFO  c.p.p.ProcessPensionMicroServiceApplication - No active profile set, falling back to 1 default profile: "default"
2022-08-19_16-59-07 [restartedMain] INFO  o.s.b.d.e.DevToolsPropertyDefaultsPostProcessor - Devtools property defaults active! Set 'spring.devtools.add-properties' to 'false' to disable
2022-08-19_16-59-07 [restartedMain] INFO  o.s.b.d.e.DevToolsPropertyDefaultsPostProcessor - For additional web related logging consider setting the 'logging.level.web' property to 'DEBUG'
2022-08-19_16-59-07 [restartedMain] INFO  o.s.cloud.context.scope.GenericScope - BeanFactory id=4c985965-16a5-39e6-8298-05868b3d8651
2022-08-19_16-59-07 [restartedMain] INFO  o.s.b.w.e.tomcat.TomcatWebServer - Tomcat initialized with port(s): 8300 (http)
2022-08-19_16-59-07 [restartedMain] INFO  o.a.coyote.http11.Http11NioProtocol - Initializing ProtocolHandler ["http-nio-8300"]
2022-08-19_16-59-07 [restartedMain] INFO  o.a.catalina.core.StandardService - Starting service [Tomcat]
2022-08-19_16-59-07 [restartedMain] INFO  o.a.catalina.core.StandardEngine - Starting Servlet engine: [Apache Tomcat/9.0.65]
2022-08-19_16-59-07 [restartedMain] INFO  o.a.c.c.C.[.[localhost].[/process] - Initializing Spring embedded WebApplicationContext
2022-08-19_16-59-07 [restartedMain] INFO  o.s.b.w.s.c.ServletWebServerApplicationContext - Root WebApplicationContext: initialization completed in 1881 ms
2022-08-19_16-59-07 [restartedMain] INFO  o.s.b.a.e.web.EndpointLinksResolver - Exposing 1 endpoint(s) beneath base path '/manage'
2022-08-19_16-59-07 [restartedMain] INFO  o.a.coyote.http11.Http11NioProtocol - Starting ProtocolHandler ["http-nio-8300"]
2022-08-19_16-59-07 [restartedMain] INFO  o.s.b.w.e.tomcat.TomcatWebServer - Tomcat started on port(s): 8300 (http) with context path '/process'
2022-08-19_16-59-07 [restartedMain] INFO  c.p.p.ProcessPensionMicroServiceApplication - Started ProcessPensionMicroServiceApplication in 3.712 seconds (JVM running for 4.638)
2022-08-19_16-59-07 [RMI TCP Connection(3)-127.0.0.1] INFO  o.a.c.c.C.[.[localhost].[/process] - Initializing Spring DispatcherServlet 'dispatcherServlet'
2022-08-19_16-59-07 [RMI TCP Connection(3)-127.0.0.1] INFO  o.s.web.servlet.DispatcherServlet - Initializing Servlet 'dispatcherServlet'
2022-08-19_16-59-07 [RMI TCP Connection(3)-127.0.0.1] INFO  o.s.web.servlet.DispatcherServlet - Completed initialization in 1 ms
2022-08-19_16-59-07 [http-nio-8300-exec-5] INFO  c.p.p.c.ProcessPensionController - Token valid :true
2022-08-19_16-59-07 [http-nio-8300-exec-3] INFO  c.p.p.c.ProcessPensionController - Token valid :true
2022-08-19_16-59-07 [http-nio-8300-exec-1] INFO  c.p.p.c.ProcessPensionController - Token valid :true
2022-08-19_16-59-07 [http-nio-8300-exec-10] INFO  c.p.p.c.ProcessPensionController - Token valid :true
2022-08-19_16-59-07 [http-nio-8300-exec-1] INFO  c.p.p.c.ProcessPensionController - Token valid :true
2022-08-19_16-59-07 [RMI TCP Connection(42)-127.0.0.1] INFO  o.s.b.a.SpringApplicationAdminMXBeanRegistrar$SpringApplicationAdmin - Application shutdown requested.
2022-08-19_21-58-27 [restartedMain] INFO  c.p.p.ProcessPensionMicroServiceApplication - Starting ProcessPensionMicroServiceApplication using Java 17.0.3 on DESKTOP-KE8A2D8 with PID 13948 (C:\Users\msspy\Desktop\Git Hub PPM\process-pension-micro-service\target\classes started by msspy in C:\Users\msspy\Desktop\Git Hub PPM\process-pension-micro-service)
2022-08-19_21-58-27 [restartedMain] INFO  c.p.p.ProcessPensionMicroServiceApplication - No active profile set, falling back to 1 default profile: "default"
2022-08-19_21-58-27 [restartedMain] INFO  o.s.b.d.e.DevToolsPropertyDefaultsPostProcessor - Devtools property defaults active! Set 'spring.devtools.add-properties' to 'false' to disable
2022-08-19_21-58-27 [restartedMain] INFO  o.s.b.d.e.DevToolsPropertyDefaultsPostProcessor - For additional web related logging consider setting the 'logging.level.web' property to 'DEBUG'
2022-08-19_21-58-27 [restartedMain] INFO  o.s.cloud.context.scope.GenericScope - BeanFactory id=4c985965-16a5-39e6-8298-05868b3d8651
2022-08-19_21-58-27 [restartedMain] INFO  o.s.b.w.e.tomcat.TomcatWebServer - Tomcat initialized with port(s): 8300 (http)
2022-08-19_21-58-27 [restartedMain] INFO  o.a.coyote.http11.Http11NioProtocol - Initializing ProtocolHandler ["http-nio-8300"]
2022-08-19_21-58-27 [restartedMain] INFO  o.a.catalina.core.StandardService - Starting service [Tomcat]
2022-08-19_21-58-27 [restartedMain] INFO  o.a.catalina.core.StandardEngine - Starting Servlet engine: [Apache Tomcat/9.0.65]
2022-08-19_21-58-27 [restartedMain] INFO  o.a.c.c.C.[.[localhost].[/process] - Initializing Spring embedded WebApplicationContext
2022-08-19_21-58-27 [restartedMain] INFO  o.s.b.w.s.c.ServletWebServerApplicationContext - Root WebApplicationContext: initialization completed in 1676 ms
2022-08-19_21-58-27 [restartedMain] INFO  o.s.b.a.e.web.EndpointLinksResolver - Exposing 1 endpoint(s) beneath base path '/manage'
2022-08-19_21-58-27 [restartedMain] INFO  o.a.coyote.http11.Http11NioProtocol - Starting ProtocolHandler ["http-nio-8300"]
2022-08-19_21-58-27 [restartedMain] INFO  o.s.b.w.e.tomcat.TomcatWebServer - Tomcat started on port(s): 8300 (http) with context path '/process'
2022-08-19_21-58-27 [restartedMain] INFO  c.p.p.ProcessPensionMicroServiceApplication - Started ProcessPensionMicroServiceApplication in 3.282 seconds (JVM running for 4.222)
2022-08-19_21-58-27 [http-nio-8300-exec-1] INFO  o.a.c.c.C.[.[localhost].[/process] - Initializing Spring DispatcherServlet 'dispatcherServlet'
2022-08-19_21-58-27 [http-nio-8300-exec-1] INFO  o.s.web.servlet.DispatcherServlet - Initializing Servlet 'dispatcherServlet'
2022-08-19_21-58-27 [http-nio-8300-exec-1] INFO  o.s.web.servlet.DispatcherServlet - Completed initialization in 1 ms
2022-08-19_21-58-27 [http-nio-8300-exec-10] INFO  c.p.p.c.ProcessPensionController - Token valid :true
2022-08-19_22-02-30 [restartedMain] INFO  c.p.p.ProcessPensionMicroServiceApplication - Starting ProcessPensionMicroServiceApplication using Java 17.0.3 on DESKTOP-KE8A2D8 with PID 13948 (C:\Users\msspy\Desktop\Git Hub PPM\process-pension-micro-service\target\classes started by msspy in C:\Users\msspy\Desktop\Git Hub PPM\process-pension-micro-service)
2022-08-19_22-02-30 [restartedMain] INFO  c.p.p.ProcessPensionMicroServiceApplication - No active profile set, falling back to 1 default profile: "default"
2022-08-19_22-02-30 [restartedMain] INFO  o.s.cloud.context.scope.GenericScope - BeanFactory id=4c985965-16a5-39e6-8298-05868b3d8651
2022-08-19_22-02-30 [restartedMain] INFO  o.s.b.w.e.tomcat.TomcatWebServer - Tomcat initialized with port(s): 8300 (http)
2022-08-19_22-02-30 [restartedMain] INFO  o.a.catalina.core.StandardService - Starting service [Tomcat]
2022-08-19_22-02-30 [restartedMain] INFO  o.a.catalina.core.StandardEngine - Starting Servlet engine: [Apache Tomcat/9.0.65]
2022-08-19_22-02-30 [restartedMain] INFO  o.a.c.c.C.[.[localhost].[/process] - Initializing Spring embedded WebApplicationContext
2022-08-19_22-02-30 [restartedMain] INFO  o.s.b.w.s.c.ServletWebServerApplicationContext - Root WebApplicationContext: initialization completed in 263 ms
2022-08-19_22-02-30 [restartedMain] INFO  o.s.b.a.e.web.EndpointLinksResolver - Exposing 1 endpoint(s) beneath base path '/manage'
2022-08-19_22-02-30 [restartedMain] INFO  o.s.b.w.e.tomcat.TomcatWebServer - Tomcat started on port(s): 8300 (http) with context path '/process'
2022-08-19_22-02-30 [restartedMain] INFO  c.p.p.ProcessPensionMicroServiceApplication - Started ProcessPensionMicroServiceApplication in 0.796 seconds (JVM running for 245.648)
2022-08-19_22-02-30 [restartedMain] INFO  o.s.b.d.a.ConditionEvaluationDeltaLoggingListener - Condition evaluation unchanged
2022-08-19_22-02-30 [http-nio-8300-exec-1] INFO  o.a.c.c.C.[.[localhost].[/process] - Initializing Spring DispatcherServlet 'dispatcherServlet'
2022-08-19_22-02-30 [http-nio-8300-exec-1] INFO  o.s.web.servlet.DispatcherServlet - Initializing Servlet 'dispatcherServlet'
2022-08-19_22-02-30 [http-nio-8300-exec-1] INFO  o.s.web.servlet.DispatcherServlet - Completed initialization in 1 ms
2022-08-19_22-02-30 [http-nio-8300-exec-2] INFO  c.p.p.c.ProcessPensionController - Token valid :true
2022-08-19_22-02-30 [http-nio-8300-exec-1] INFO  c.p.p.c.ProcessPensionController - Token valid :true
2022-08-19_22-02-30 [RMI TCP Connection(14)-127.0.0.1] INFO  o.s.b.a.SpringApplicationAdminMXBeanRegistrar$SpringApplicationAdmin - Application shutdown requested.
