2022-08-22_12-37-04 [main] INFO  o.s.b.t.c.SpringBootTestContextBootstrapper - Neither @ContextConfiguration nor @ContextHierarchy found for test class [com.pension.process.controller.ProcessPensionControllerTest], using SpringBootContextLoader
2022-08-22_12-37-04 [main] INFO  o.s.t.c.s.AbstractContextLoader - Could not detect default resource locations for test class [com.pension.process.controller.ProcessPensionControllerTest]: no resource found for suffixes {-context.xml, Context.groovy}.
2022-08-22_12-37-04 [main] INFO  o.s.t.c.s.AnnotationConfigContextLoaderUtils - Could not detect default configuration classes for test class [com.pension.process.controller.ProcessPensionControllerTest]: ProcessPensionControllerTest does not declare any static, non-private, non-final, nested classes annotated with @Configuration.
2022-08-22_12-37-04 [main] INFO  o.s.b.t.c.SpringBootTestContextBootstrapper - Found @SpringBootConfiguration com.pension.process.ProcessPensionMicroServiceApplication for test class com.pension.process.controller.ProcessPensionControllerTest
2022-08-22_12-37-04 [main] INFO  o.s.b.t.c.SpringBootTestContextBootstrapper - Loaded default TestExecutionListener class names from location [META-INF/spring.factories]: [org.springframework.boot.test.mock.mockito.MockitoTestExecutionListener, org.springframework.boot.test.mock.mockito.ResetMocksTestExecutionListener, org.springframework.boot.test.autoconfigure.restdocs.RestDocsTestExecutionListener, org.springframework.boot.test.autoconfigure.web.client.MockRestServiceServerResetTestExecutionListener, org.springframework.boot.test.autoconfigure.web.servlet.MockMvcPrintOnlyOnFailureTestExecutionListener, org.springframework.boot.test.autoconfigure.web.servlet.WebDriverTestExecutionListener, org.springframework.boot.test.autoconfigure.webservices.client.MockWebServiceServerTestExecutionListener, org.springframework.test.context.web.ServletTestExecutionListener, org.springframework.test.context.support.DirtiesContextBeforeModesTestExecutionListener, org.springframework.test.context.event.ApplicationEventsTestExecutionListener, org.springframework.test.context.support.DependencyInjectionTestExecutionListener, org.springframework.test.context.support.DirtiesContextTestExecutionListener, org.springframework.test.context.transaction.TransactionalTestExecutionListener, org.springframework.test.context.jdbc.SqlScriptsTestExecutionListener, org.springframework.test.context.event.EventPublishingTestExecutionListener]
2022-08-22_12-37-04 [main] INFO  o.s.b.t.c.SpringBootTestContextBootstrapper - Using TestExecutionListeners: [org.springframework.test.context.web.ServletTestExecutionListener@384fc774, org.springframework.test.context.support.DirtiesContextBeforeModesTestExecutionListener@e3cee7b, org.springframework.test.context.event.ApplicationEventsTestExecutionListener@71e9a896, org.springframework.boot.test.mock.mockito.MockitoTestExecutionListener@6b9267b, org.springframework.boot.test.autoconfigure.SpringBootDependencyInjectionTestExecutionListener@408b35bf, org.springframework.test.context.support.DirtiesContextTestExecutionListener@29ad44e3, org.springframework.test.context.transaction.TransactionalTestExecutionListener@15bcf458, org.springframework.test.context.jdbc.SqlScriptsTestExecutionListener@5af9926a, org.springframework.test.context.event.EventPublishingTestExecutionListener@43c67247, org.springframework.boot.test.mock.mockito.ResetMocksTestExecutionListener@fac80, org.springframework.boot.test.autoconfigure.restdocs.RestDocsTestExecutionListener@726386ed, org.springframework.boot.test.autoconfigure.web.client.MockRestServiceServerResetTestExecutionListener@649f2009, org.springframework.boot.test.autoconfigure.web.servlet.MockMvcPrintOnlyOnFailureTestExecutionListener@14bb2297, org.springframework.boot.test.autoconfigure.web.servlet.WebDriverTestExecutionListener@69adf72c, org.springframework.boot.test.autoconfigure.webservices.client.MockWebServiceServerTestExecutionListener@797501a]
2022-08-22_12-37-05 [main] INFO  c.p.p.c.ProcessPensionControllerTest - Starting ProcessPensionControllerTest using Java 17.0.3 on DESKTOP-KE8A2D8 with PID 21388 (started by msspy in C:\Users\msspy\Desktop\Git Hub PPM\process-pension-micro-service)
2022-08-22_12-37-05 [main] INFO  c.p.p.c.ProcessPensionControllerTest - No active profile set, falling back to 1 default profile: "default"
2022-08-22_12-37-05 [main] INFO  o.s.d.r.c.RepositoryConfigurationDelegate - Bootstrapping Spring Data JPA repositories in DEFAULT mode.
2022-08-22_12-37-05 [main] INFO  o.s.d.r.c.RepositoryConfigurationDelegate - Finished Spring Data repository scanning in 74 ms. Found 1 JPA repository interfaces.
2022-08-22_12-37-05 [main] INFO  o.s.cloud.context.scope.GenericScope - BeanFactory id=54ebbc02-7e6e-3879-b052-4a837e013e90
2022-08-22_12-37-05 [main] INFO  com.zaxxer.hikari.HikariDataSource - HikariPool-1 - Starting...
2022-08-22_12-37-05 [main] INFO  com.zaxxer.hikari.HikariDataSource - HikariPool-1 - Start completed.
2022-08-22_12-37-05 [main] INFO  org.hibernate.Version - HHH000412: Hibernate ORM core version 5.6.10.Final
2022-08-22_12-37-05 [main] INFO  o.h.annotations.common.Version - HCANN000001: Hibernate Commons Annotations {5.1.2.Final}
2022-08-22_12-37-05 [main] INFO  org.hibernate.dialect.Dialect - HHH000400: Using dialect: org.hibernate.dialect.H2Dialect
2022-08-22_12-37-05 [main] INFO  o.h.e.t.j.p.i.JtaPlatformInitiator - HHH000490: Using JtaPlatform implementation: [org.hibernate.engine.transaction.jta.platform.internal.NoJtaPlatform]
2022-08-22_12-37-05 [main] INFO  o.s.o.j.LocalContainerEntityManagerFactoryBean - Initialized JPA EntityManagerFactory for persistence unit 'default'
2022-08-22_12-37-05 [main] INFO  o.s.b.a.h.H2ConsoleAutoConfiguration - H2 console available at '/h2'. Database available at 'jdbc:h2:mem:testdb'
2022-08-22_12-37-05 [main] INFO  o.s.b.t.m.w.SpringBootMockServletContext - Initializing Spring TestDispatcherServlet ''
2022-08-22_12-37-05 [main] INFO  o.s.t.w.s.TestDispatcherServlet - Initializing Servlet ''
2022-08-22_12-37-05 [main] INFO  o.s.b.a.e.web.EndpointLinksResolver - Exposing 1 endpoint(s) beneath base path '/manage'
2022-08-22_12-37-05 [main] INFO  o.s.t.w.s.TestDispatcherServlet - Completed initialization in 45 ms
2022-08-22_12-37-05 [main] INFO  c.p.p.c.ProcessPensionControllerTest - Started ProcessPensionControllerTest in 6.743 seconds (JVM running for 8.22)
2022-08-22_12-37-05 [main] INFO  c.p.p.c.ProcessPensionController - Token valid :true
2022-08-22_12-37-05 [main] INFO  c.p.p.c.ProcessPensionController - Token valid :true
2022-08-22_12-37-05 [main] INFO  c.p.p.c.ProcessPensionController - Token valid :true
2022-08-22_12-37-05 [main] INFO  o.s.b.t.c.SpringBootTestContextBootstrapper - Neither @ContextConfiguration nor @ContextHierarchy found for test class [com.pension.process.ProcessPensionMicroServiceApplicationTests], using SpringBootContextLoader
2022-08-22_12-37-05 [main] INFO  o.s.t.c.s.AbstractContextLoader - Could not detect default resource locations for test class [com.pension.process.ProcessPensionMicroServiceApplicationTests]: no resource found for suffixes {-context.xml, Context.groovy}.
2022-08-22_12-37-05 [main] INFO  o.s.t.c.s.AnnotationConfigContextLoaderUtils - Could not detect default configuration classes for test class [com.pension.process.ProcessPensionMicroServiceApplicationTests]: ProcessPensionMicroServiceApplicationTests does not declare any static, non-private, non-final, nested classes annotated with @Configuration.
2022-08-22_12-37-05 [main] INFO  o.s.b.t.c.SpringBootTestContextBootstrapper - Found @SpringBootConfiguration com.pension.process.ProcessPensionMicroServiceApplication for test class com.pension.process.ProcessPensionMicroServiceApplicationTests
2022-08-22_12-37-05 [main] INFO  o.s.b.t.c.SpringBootTestContextBootstrapper - Loaded default TestExecutionListener class names from location [META-INF/spring.factories]: [org.springframework.boot.test.mock.mockito.MockitoTestExecutionListener, org.springframework.boot.test.mock.mockito.ResetMocksTestExecutionListener, org.springframework.boot.test.autoconfigure.restdocs.RestDocsTestExecutionListener, org.springframework.boot.test.autoconfigure.web.client.MockRestServiceServerResetTestExecutionListener, org.springframework.boot.test.autoconfigure.web.servlet.MockMvcPrintOnlyOnFailureTestExecutionListener, org.springframework.boot.test.autoconfigure.web.servlet.WebDriverTestExecutionListener, org.springframework.boot.test.autoconfigure.webservices.client.MockWebServiceServerTestExecutionListener, org.springframework.test.context.web.ServletTestExecutionListener, org.springframework.test.context.support.DirtiesContextBeforeModesTestExecutionListener, org.springframework.test.context.event.ApplicationEventsTestExecutionListener, org.springframework.test.context.support.DependencyInjectionTestExecutionListener, org.springframework.test.context.support.DirtiesContextTestExecutionListener, org.springframework.test.context.transaction.TransactionalTestExecutionListener, org.springframework.test.context.jdbc.SqlScriptsTestExecutionListener, org.springframework.test.context.event.EventPublishingTestExecutionListener]
2022-08-22_12-37-05 [main] INFO  o.s.b.t.c.SpringBootTestContextBootstrapper - Using TestExecutionListeners: [org.springframework.test.context.web.ServletTestExecutionListener@547aa7f4, org.springframework.test.context.support.DirtiesContextBeforeModesTestExecutionListener@2e94655a, org.springframework.test.context.event.ApplicationEventsTestExecutionListener@49868df8, org.springframework.boot.test.mock.mockito.MockitoTestExecutionListener@1ccdbae4, org.springframework.boot.test.autoconfigure.SpringBootDependencyInjectionTestExecutionListener@1d09fb8e, org.springframework.test.context.support.DirtiesContextTestExecutionListener@10bae3c0, org.springframework.test.context.transaction.TransactionalTestExecutionListener@6dae5562, org.springframework.test.context.jdbc.SqlScriptsTestExecutionListener@1cc5d8a9, org.springframework.test.context.event.EventPublishingTestExecutionListener@4ec28534, org.springframework.boot.test.mock.mockito.ResetMocksTestExecutionListener@921dbcf, org.springframework.boot.test.autoconfigure.restdocs.RestDocsTestExecutionListener@163b8acc, org.springframework.boot.test.autoconfigure.web.client.MockRestServiceServerResetTestExecutionListener@24090832, org.springframework.boot.test.autoconfigure.web.servlet.MockMvcPrintOnlyOnFailureTestExecutionListener@7e38d2a2, org.springframework.boot.test.autoconfigure.web.servlet.WebDriverTestExecutionListener@79408109, org.springframework.boot.test.autoconfigure.webservices.client.MockWebServiceServerTestExecutionListener@33671907]
2022-08-22_12-37-12 [main] INFO  c.p.p.ProcessPensionMicroServiceApplicationTests - Starting ProcessPensionMicroServiceApplicationTests using Java 17.0.3 on DESKTOP-KE8A2D8 with PID 21388 (started by msspy in C:\Users\msspy\Desktop\Git Hub PPM\process-pension-micro-service)
2022-08-22_12-37-12 [main] INFO  c.p.p.ProcessPensionMicroServiceApplicationTests - No active profile set, falling back to 1 default profile: "default"
2022-08-22_12-37-12 [main] INFO  o.s.d.r.c.RepositoryConfigurationDelegate - Bootstrapping Spring Data JPA repositories in DEFAULT mode.
2022-08-22_12-37-12 [main] INFO  o.s.d.r.c.RepositoryConfigurationDelegate - Finished Spring Data repository scanning in 23 ms. Found 1 JPA repository interfaces.
2022-08-22_12-37-12 [main] INFO  o.s.cloud.context.scope.GenericScope - BeanFactory id=7e150407-79f2-38f6-a088-a31dac9076ee
2022-08-22_12-37-12 [main] INFO  com.zaxxer.hikari.HikariDataSource - HikariPool-2 - Starting...
2022-08-22_12-37-12 [main] INFO  com.zaxxer.hikari.HikariDataSource - HikariPool-2 - Start completed.
2022-08-22_12-37-12 [main] INFO  org.hibernate.dialect.Dialect - HHH000400: Using dialect: org.hibernate.dialect.H2Dialect
2022-08-22_12-37-12 [main] INFO  o.h.e.t.j.p.i.JtaPlatformInitiator - HHH000490: Using JtaPlatform implementation: [org.hibernate.engine.transaction.jta.platform.internal.NoJtaPlatform]
2022-08-22_12-37-12 [main] INFO  o.s.o.j.LocalContainerEntityManagerFactoryBean - Initialized JPA EntityManagerFactory for persistence unit 'default'
2022-08-22_12-37-12 [main] INFO  o.s.b.a.h.H2ConsoleAutoConfiguration - H2 console available at '/h2'. Database available at 'jdbc:h2:mem:testdb'
2022-08-22_12-37-12 [main] INFO  o.s.b.a.e.web.EndpointLinksResolver - Exposing 1 endpoint(s) beneath base path '/manage'
2022-08-22_12-37-12 [main] INFO  c.p.p.ProcessPensionMicroServiceApplicationTests - Started ProcessPensionMicroServiceApplicationTests in 2.559 seconds (JVM running for 11.448)
2022-08-22_12-37-12 [main] INFO  o.s.b.t.a.o.j.DataJpaTestContextBootstrapper - Neither @ContextConfiguration nor @ContextHierarchy found for test class [com.pension.process.repository.PensionDetailsRepositoryTests], using SpringBootContextLoader
2022-08-22_12-37-12 [main] INFO  o.s.t.c.s.AbstractContextLoader - Could not detect default resource locations for test class [com.pension.process.repository.PensionDetailsRepositoryTests]: no resource found for suffixes {-context.xml, Context.groovy}.
2022-08-22_12-37-12 [main] INFO  o.s.t.c.s.AnnotationConfigContextLoaderUtils - Could not detect default configuration classes for test class [com.pension.process.repository.PensionDetailsRepositoryTests]: PensionDetailsRepositoryTests does not declare any static, non-private, non-final, nested classes annotated with @Configuration.
2022-08-22_12-37-12 [main] INFO  o.s.b.t.c.SpringBootTestContextBootstrapper - Found @SpringBootConfiguration com.pension.process.ProcessPensionMicroServiceApplication for test class com.pension.process.repository.PensionDetailsRepositoryTests
2022-08-22_12-37-12 [main] INFO  o.s.b.t.a.o.j.DataJpaTestContextBootstrapper - Loaded default TestExecutionListener class names from location [META-INF/spring.factories]: [org.springframework.boot.test.mock.mockito.MockitoTestExecutionListener, org.springframework.boot.test.mock.mockito.ResetMocksTestExecutionListener, org.springframework.boot.test.autoconfigure.restdocs.RestDocsTestExecutionListener, org.springframework.boot.test.autoconfigure.web.client.MockRestServiceServerResetTestExecutionListener, org.springframework.boot.test.autoconfigure.web.servlet.MockMvcPrintOnlyOnFailureTestExecutionListener, org.springframework.boot.test.autoconfigure.web.servlet.WebDriverTestExecutionListener, org.springframework.boot.test.autoconfigure.webservices.client.MockWebServiceServerTestExecutionListener, org.springframework.test.context.web.ServletTestExecutionListener, org.springframework.test.context.support.DirtiesContextBeforeModesTestExecutionListener, org.springframework.test.context.event.ApplicationEventsTestExecutionListener, org.springframework.test.context.support.DependencyInjectionTestExecutionListener, org.springframework.test.context.support.DirtiesContextTestExecutionListener, org.springframework.test.context.transaction.TransactionalTestExecutionListener, org.springframework.test.context.jdbc.SqlScriptsTestExecutionListener, org.springframework.test.context.event.EventPublishingTestExecutionListener]
2022-08-22_12-37-12 [main] INFO  o.s.b.t.a.o.j.DataJpaTestContextBootstrapper - Using TestExecutionListeners: [org.springframework.test.context.web.ServletTestExecutionListener@1a819769, org.springframework.test.context.support.DirtiesContextBeforeModesTestExecutionListener@6479b4cb, org.springframework.test.context.event.ApplicationEventsTestExecutionListener@135ec43a, org.springframework.boot.test.mock.mockito.MockitoTestExecutionListener@69fc5803, org.springframework.boot.test.autoconfigure.SpringBootDependencyInjectionTestExecutionListener@7f50b08a, org.springframework.test.context.support.DirtiesContextTestExecutionListener@56a69c47, org.springframework.test.context.transaction.TransactionalTestExecutionListener@333cedbd, org.springframework.test.context.jdbc.SqlScriptsTestExecutionListener@388b9799, org.springframework.test.context.event.EventPublishingTestExecutionListener@4225b4e2, org.springframework.boot.test.mock.mockito.ResetMocksTestExecutionListener@20834c45, org.springframework.boot.test.autoconfigure.restdocs.RestDocsTestExecutionListener@74061ced, org.springframework.boot.test.autoconfigure.web.client.MockRestServiceServerResetTestExecutionListener@10d56aab, org.springframework.boot.test.autoconfigure.web.servlet.MockMvcPrintOnlyOnFailureTestExecutionListener@7fb84ef7, org.springframework.boot.test.autoconfigure.web.servlet.WebDriverTestExecutionListener@4563d421, org.springframework.boot.test.autoconfigure.webservices.client.MockWebServiceServerTestExecutionListener@1465914]
2022-08-22_12-37-15 [main] INFO  c.p.p.r.PensionDetailsRepositoryTests - Starting PensionDetailsRepositoryTests using Java 17.0.3 on DESKTOP-KE8A2D8 with PID 21388 (started by msspy in C:\Users\msspy\Desktop\Git Hub PPM\process-pension-micro-service)
2022-08-22_12-37-15 [main] INFO  c.p.p.r.PensionDetailsRepositoryTests - No active profile set, falling back to 1 default profile: "default"
2022-08-22_12-37-15 [main] INFO  o.s.d.r.c.RepositoryConfigurationDelegate - Bootstrapping Spring Data JPA repositories in DEFAULT mode.
2022-08-22_12-37-15 [main] INFO  o.s.d.r.c.RepositoryConfigurationDelegate - Finished Spring Data repository scanning in 15 ms. Found 1 JPA repository interfaces.
2022-08-22_12-37-15 [main] INFO  o.s.b.t.a.j.TestDatabaseAutoConfiguration$EmbeddedDataSourceBeanFactoryPostProcessor - Replacing 'dataSource' DataSource bean with embedded version
2022-08-22_12-37-15 [main] INFO  o.s.j.d.e.EmbeddedDatabaseFactory - Starting embedded database: url='jdbc:h2:mem:34258b99-900f-451f-afe5-fa9bea9aa3de;DB_CLOSE_DELAY=-1;DB_CLOSE_ON_EXIT=false', username='sa'
2022-08-22_12-37-15 [main] INFO  org.hibernate.dialect.Dialect - HHH000400: Using dialect: org.hibernate.dialect.H2Dialect
2022-08-22_12-37-15 [main] INFO  o.h.e.t.j.p.i.JtaPlatformInitiator - HHH000490: Using JtaPlatform implementation: [org.hibernate.engine.transaction.jta.platform.internal.NoJtaPlatform]
2022-08-22_12-37-15 [main] INFO  o.s.o.j.LocalContainerEntityManagerFactoryBean - Initialized JPA EntityManagerFactory for persistence unit 'default'
2022-08-22_12-37-15 [main] INFO  c.p.p.r.PensionDetailsRepositoryTests - Started PensionDetailsRepositoryTests in 0.636 seconds (JVM running for 12.132)
2022-08-22_12-37-15 [main] INFO  o.s.t.c.t.TransactionContext - Began transaction (1) for test context [DefaultTestContext@3a7deba5 testClass = PensionDetailsRepositoryTests, testInstance = com.pension.process.repository.PensionDetailsRepositoryTests@6f2bb798, testMethod = verifyRepositoryByPersistingPensionerDetails@PensionDetailsRepositoryTests, testException = [null], mergedContextConfiguration = [MergedContextConfiguration@78fc5eb testClass = PensionDetailsRepositoryTests, locations = '{}', classes = '{class com.pension.process.ProcessPensionMicroServiceApplication}', contextInitializerClasses = '[]', activeProfiles = '{}', propertySourceLocations = '{}', propertySourceProperties = '{org.springframework.boot.test.autoconfigure.orm.jpa.DataJpaTestContextBootstrapper=true}', contextCustomizers = set[[ImportsContextCustomizer@5c96cbe7 key = [org.springframework.boot.autoconfigure.cache.CacheAutoConfiguration, org.springframework.boot.autoconfigure.data.jpa.JpaRepositoriesAutoConfiguration, org.springframework.boot.autoconfigure.flyway.FlywayAutoConfiguration, org.springframework.boot.autoconfigure.jdbc.DataSourceAutoConfiguration, org.springframework.boot.autoconfigure.jdbc.DataSourceTransactionManagerAutoConfiguration, org.springframework.boot.autoconfigure.jdbc.JdbcTemplateAutoConfiguration, org.springframework.boot.autoconfigure.liquibase.LiquibaseAutoConfiguration, org.springframework.boot.autoconfigure.orm.jpa.HibernateJpaAutoConfiguration, org.springframework.boot.autoconfigure.sql.init.SqlInitializationAutoConfiguration, org.springframework.boot.autoconfigure.transaction.TransactionAutoConfiguration, org.springframework.boot.test.autoconfigure.jdbc.TestDatabaseAutoConfiguration, org.springframework.boot.test.autoconfigure.orm.jpa.TestEntityManagerAutoConfiguration]], org.springframework.boot.test.context.filter.ExcludeFilterContextCustomizer@73dce0e6, org.springframework.boot.test.json.DuplicateJsonObjectContextCustomizerFactory$DuplicateJsonObjectContextCustomizer@14d14731, org.springframework.boot.test.mock.mockito.MockitoContextCustomizer@0, org.springframework.boot.test.autoconfigure.OverrideAutoConfigurationContextCustomizerFactory$DisableAutoConfigurationContextCustomizer@66f15ce5, org.springframework.boot.test.autoconfigure.actuate.metrics.MetricsExportContextCustomizerFactory$DisableMetricExportContextCustomizer@3543df7d, org.springframework.boot.test.autoconfigure.filter.TypeExcludeFiltersContextCustomizer@351584c0, org.springframework.boot.test.autoconfigure.properties.PropertyMappingContextCustomizer@54ffebee, org.springframework.boot.test.autoconfigure.web.servlet.WebDriverContextCustomizerFactory$Customizer@7e22550a, org.springframework.boot.test.context.SpringBootTestArgs@1, org.springframework.boot.test.context.SpringBootTestWebEnvironment@0], contextLoader = 'org.springframework.boot.test.context.SpringBootContextLoader', parent = [null]], attributes = map['org.springframework.test.context.event.ApplicationEventsTestExecutionListener.recordApplicationEvents' -> false]]; transaction manager [org.springframework.orm.jpa.JpaTransactionManager@5843ab8]; rollback [true]
2022-08-22_12-37-15 [main] INFO  o.s.t.c.t.TransactionContext - Rolled back transaction for test: [DefaultTestContext@3a7deba5 testClass = PensionDetailsRepositoryTests, testInstance = com.pension.process.repository.PensionDetailsRepositoryTests@6f2bb798, testMethod = verifyRepositoryByPersistingPensionerDetails@PensionDetailsRepositoryTests, testException = [null], mergedContextConfiguration = [MergedContextConfiguration@78fc5eb testClass = PensionDetailsRepositoryTests, locations = '{}', classes = '{class com.pension.process.ProcessPensionMicroServiceApplication}', contextInitializerClasses = '[]', activeProfiles = '{}', propertySourceLocations = '{}', propertySourceProperties = '{org.springframework.boot.test.autoconfigure.orm.jpa.DataJpaTestContextBootstrapper=true}', contextCustomizers = set[[ImportsContextCustomizer@5c96cbe7 key = [org.springframework.boot.autoconfigure.cache.CacheAutoConfiguration, org.springframework.boot.autoconfigure.data.jpa.JpaRepositoriesAutoConfiguration, org.springframework.boot.autoconfigure.flyway.FlywayAutoConfiguration, org.springframework.boot.autoconfigure.jdbc.DataSourceAutoConfiguration, org.springframework.boot.autoconfigure.jdbc.DataSourceTransactionManagerAutoConfiguration, org.springframework.boot.autoconfigure.jdbc.JdbcTemplateAutoConfiguration, org.springframework.boot.autoconfigure.liquibase.LiquibaseAutoConfiguration, org.springframework.boot.autoconfigure.orm.jpa.HibernateJpaAutoConfiguration, org.springframework.boot.autoconfigure.sql.init.SqlInitializationAutoConfiguration, org.springframework.boot.autoconfigure.transaction.TransactionAutoConfiguration, org.springframework.boot.test.autoconfigure.jdbc.TestDatabaseAutoConfiguration, org.springframework.boot.test.autoconfigure.orm.jpa.TestEntityManagerAutoConfiguration]], org.springframework.boot.test.context.filter.ExcludeFilterContextCustomizer@73dce0e6, org.springframework.boot.test.json.DuplicateJsonObjectContextCustomizerFactory$DuplicateJsonObjectContextCustomizer@14d14731, org.springframework.boot.test.mock.mockito.MockitoContextCustomizer@0, org.springframework.boot.test.autoconfigure.OverrideAutoConfigurationContextCustomizerFactory$DisableAutoConfigurationContextCustomizer@66f15ce5, org.springframework.boot.test.autoconfigure.actuate.metrics.MetricsExportContextCustomizerFactory$DisableMetricExportContextCustomizer@3543df7d, org.springframework.boot.test.autoconfigure.filter.TypeExcludeFiltersContextCustomizer@351584c0, org.springframework.boot.test.autoconfigure.properties.PropertyMappingContextCustomizer@54ffebee, org.springframework.boot.test.autoconfigure.web.servlet.WebDriverContextCustomizerFactory$Customizer@7e22550a, org.springframework.boot.test.context.SpringBootTestArgs@1, org.springframework.boot.test.context.SpringBootTestWebEnvironment@0], contextLoader = 'org.springframework.boot.test.context.SpringBootContextLoader', parent = [null]], attributes = map['org.springframework.test.context.event.ApplicationEventsTestExecutionListener.recordApplicationEvents' -> false]]
2022-08-22_12-37-15 [main] INFO  o.s.b.t.c.SpringBootTestContextBootstrapper - Neither @ContextConfiguration nor @ContextHierarchy found for test class [com.pension.process.service.ProcessPensionServiceTest], using SpringBootContextLoader
2022-08-22_12-37-15 [main] INFO  o.s.t.c.s.AbstractContextLoader - Could not detect default resource locations for test class [com.pension.process.service.ProcessPensionServiceTest]: no resource found for suffixes {-context.xml, Context.groovy}.
2022-08-22_12-37-15 [main] INFO  o.s.t.c.s.AnnotationConfigContextLoaderUtils - Could not detect default configuration classes for test class [com.pension.process.service.ProcessPensionServiceTest]: ProcessPensionServiceTest does not declare any static, non-private, non-final, nested classes annotated with @Configuration.
2022-08-22_12-37-15 [main] INFO  o.s.b.t.c.SpringBootTestContextBootstrapper - Found @SpringBootConfiguration com.pension.process.ProcessPensionMicroServiceApplication for test class com.pension.process.service.ProcessPensionServiceTest
2022-08-22_12-37-15 [main] INFO  o.s.b.t.c.SpringBootTestContextBootstrapper - Loaded default TestExecutionListener class names from location [META-INF/spring.factories]: [org.springframework.boot.test.mock.mockito.MockitoTestExecutionListener, org.springframework.boot.test.mock.mockito.ResetMocksTestExecutionListener, org.springframework.boot.test.autoconfigure.restdocs.RestDocsTestExecutionListener, org.springframework.boot.test.autoconfigure.web.client.MockRestServiceServerResetTestExecutionListener, org.springframework.boot.test.autoconfigure.web.servlet.MockMvcPrintOnlyOnFailureTestExecutionListener, org.springframework.boot.test.autoconfigure.web.servlet.WebDriverTestExecutionListener, org.springframework.boot.test.autoconfigure.webservices.client.MockWebServiceServerTestExecutionListener, org.springframework.test.context.web.ServletTestExecutionListener, org.springframework.test.context.support.DirtiesContextBeforeModesTestExecutionListener, org.springframework.test.context.event.ApplicationEventsTestExecutionListener, org.springframework.test.context.support.DependencyInjectionTestExecutionListener, org.springframework.test.context.support.DirtiesContextTestExecutionListener, org.springframework.test.context.transaction.TransactionalTestExecutionListener, org.springframework.test.context.jdbc.SqlScriptsTestExecutionListener, org.springframework.test.context.event.EventPublishingTestExecutionListener]
2022-08-22_12-37-15 [main] INFO  o.s.b.t.c.SpringBootTestContextBootstrapper - Using TestExecutionListeners: [org.springframework.test.context.web.ServletTestExecutionListener@54d5500e, org.springframework.test.context.support.DirtiesContextBeforeModesTestExecutionListener@1d1a706, org.springframework.test.context.event.ApplicationEventsTestExecutionListener@5e136445, org.springframework.boot.test.mock.mockito.MockitoTestExecutionListener@3c9e82a6, org.springframework.boot.test.autoconfigure.SpringBootDependencyInjectionTestExecutionListener@4235e01b, org.springframework.test.context.support.DirtiesContextTestExecutionListener@4ed096cc, org.springframework.test.context.transaction.TransactionalTestExecutionListener@b24e21f, org.springframework.test.context.jdbc.SqlScriptsTestExecutionListener@43e7ca6f, org.springframework.test.context.event.EventPublishingTestExecutionListener@2e3fdf30, org.springframework.boot.test.mock.mockito.ResetMocksTestExecutionListener@64934acd, org.springframework.boot.test.autoconfigure.restdocs.RestDocsTestExecutionListener@480b785a, org.springframework.boot.test.autoconfigure.web.client.MockRestServiceServerResetTestExecutionListener@35427786, org.springframework.boot.test.autoconfigure.web.servlet.MockMvcPrintOnlyOnFailureTestExecutionListener@6554f841, org.springframework.boot.test.autoconfigure.web.servlet.WebDriverTestExecutionListener@1bef1304, org.springframework.boot.test.autoconfigure.webservices.client.MockWebServiceServerTestExecutionListener@835718b]
2022-08-22_12-37-15 [main] INFO  c.p.p.s.ProcessPensionServiceTest - Starting ProcessPensionServiceTest using Java 17.0.3 on DESKTOP-KE8A2D8 with PID 21388 (started by msspy in C:\Users\msspy\Desktop\Git Hub PPM\process-pension-micro-service)
2022-08-22_12-37-15 [main] INFO  c.p.p.s.ProcessPensionServiceTest - No active profile set, falling back to 1 default profile: "default"
2022-08-22_12-37-15 [main] INFO  o.s.d.r.c.RepositoryConfigurationDelegate - Bootstrapping Spring Data JPA repositories in DEFAULT mode.
2022-08-22_12-37-15 [main] INFO  o.s.d.r.c.RepositoryConfigurationDelegate - Finished Spring Data repository scanning in 14 ms. Found 1 JPA repository interfaces.
2022-08-22_12-37-15 [main] INFO  o.s.cloud.context.scope.GenericScope - BeanFactory id=54ebbc02-7e6e-3879-b052-4a837e013e90
2022-08-22_12-37-15 [main] INFO  com.zaxxer.hikari.HikariDataSource - HikariPool-3 - Starting...
2022-08-22_12-37-15 [main] INFO  com.zaxxer.hikari.HikariDataSource - HikariPool-3 - Start completed.
2022-08-22_12-37-15 [main] INFO  org.hibernate.dialect.Dialect - HHH000400: Using dialect: org.hibernate.dialect.H2Dialect
2022-08-22_12-37-15 [main] INFO  o.h.e.t.j.p.i.JtaPlatformInitiator - HHH000490: Using JtaPlatform implementation: [org.hibernate.engine.transaction.jta.platform.internal.NoJtaPlatform]
2022-08-22_12-37-15 [main] INFO  o.s.o.j.LocalContainerEntityManagerFactoryBean - Initialized JPA EntityManagerFactory for persistence unit 'default'
2022-08-22_12-37-15 [main] INFO  o.s.b.a.h.H2ConsoleAutoConfiguration - H2 console available at '/h2'. Database available at 'jdbc:h2:mem:testdb'
2022-08-22_12-37-15 [main] INFO  o.s.b.t.m.w.SpringBootMockServletContext - Initializing Spring TestDispatcherServlet ''
2022-08-22_12-37-15 [main] INFO  o.s.t.w.s.TestDispatcherServlet - Initializing Servlet ''
2022-08-22_12-37-15 [main] INFO  o.s.b.a.e.web.EndpointLinksResolver - Exposing 1 endpoint(s) beneath base path '/manage'
2022-08-22_12-37-15 [main] INFO  o.s.t.w.s.TestDispatcherServlet - Completed initialization in 45 ms
2022-08-22_12-37-15 [main] INFO  c.p.p.s.ProcessPensionServiceTest - Started ProcessPensionServiceTest in 2.131 seconds (JVM running for 14.421)
2022-08-22_12-37-15 [SpringApplicationShutdownHook] INFO  o.s.o.j.LocalContainerEntityManagerFactoryBean - Closing JPA EntityManagerFactory for persistence unit 'default'
2022-08-22_12-37-15 [SpringApplicationShutdownHook] INFO  o.h.t.s.i.SchemaDropperImpl$DelayedDropActionImpl - HHH000477: Starting delayed evictData of schema as part of SessionFactory shut-down'
2022-08-22_12-37-15 [SpringApplicationShutdownHook] INFO  com.zaxxer.hikari.HikariDataSource - HikariPool-1 - Shutdown initiated...
2022-08-22_12-37-15 [SpringApplicationShutdownHook] INFO  com.zaxxer.hikari.HikariDataSource - HikariPool-1 - Shutdown completed.
2022-08-22_12-37-15 [SpringApplicationShutdownHook] INFO  o.s.o.j.LocalContainerEntityManagerFactoryBean - Closing JPA EntityManagerFactory for persistence unit 'default'
2022-08-22_12-37-15 [SpringApplicationShutdownHook] INFO  o.h.t.s.i.SchemaDropperImpl$DelayedDropActionImpl - HHH000477: Starting delayed evictData of schema as part of SessionFactory shut-down'
2022-08-22_12-37-15 [SpringApplicationShutdownHook] INFO  com.zaxxer.hikari.HikariDataSource - HikariPool-2 - Shutdown initiated...
2022-08-22_12-37-15 [SpringApplicationShutdownHook] INFO  com.zaxxer.hikari.HikariDataSource - HikariPool-2 - Shutdown completed.
2022-08-22_12-37-15 [SpringApplicationShutdownHook] INFO  o.s.o.j.LocalContainerEntityManagerFactoryBean - Closing JPA EntityManagerFactory for persistence unit 'default'
2022-08-22_12-37-15 [SpringApplicationShutdownHook] INFO  o.h.t.s.i.SchemaDropperImpl$DelayedDropActionImpl - HHH000477: Starting delayed evictData of schema as part of SessionFactory shut-down'
2022-08-22_12-37-15 [SpringApplicationShutdownHook] INFO  o.s.o.j.LocalContainerEntityManagerFactoryBean - Closing JPA EntityManagerFactory for persistence unit 'default'
2022-08-22_12-37-15 [SpringApplicationShutdownHook] INFO  o.h.t.s.i.SchemaDropperImpl$DelayedDropActionImpl - HHH000477: Starting delayed evictData of schema as part of SessionFactory shut-down'
2022-08-22_12-37-15 [SpringApplicationShutdownHook] INFO  com.zaxxer.hikari.HikariDataSource - HikariPool-3 - Shutdown initiated...
2022-08-22_12-37-15 [SpringApplicationShutdownHook] INFO  com.zaxxer.hikari.HikariDataSource - HikariPool-3 - Shutdown completed.
2022-08-22_12-48-38 [restartedMain] INFO  c.p.p.ProcessPensionMicroServiceApplication - Starting ProcessPensionMicroServiceApplication using Java 17.0.3 on DESKTOP-KE8A2D8 with PID 21436 (C:\Users\msspy\Desktop\Git Hub PPM\process-pension-micro-service\target\classes started by msspy in C:\Users\msspy\Desktop\Git Hub PPM\process-pension-micro-service)
2022-08-22_12-48-38 [restartedMain] INFO  c.p.p.ProcessPensionMicroServiceApplication - No active profile set, falling back to 1 default profile: "default"
2022-08-22_12-48-38 [restartedMain] INFO  o.s.b.d.e.DevToolsPropertyDefaultsPostProcessor - Devtools property defaults active! Set 'spring.devtools.add-properties' to 'false' to disable
2022-08-22_12-48-38 [restartedMain] INFO  o.s.b.d.e.DevToolsPropertyDefaultsPostProcessor - For additional web related logging consider setting the 'logging.level.web' property to 'DEBUG'
2022-08-22_12-48-38 [restartedMain] INFO  o.s.d.r.c.RepositoryConfigurationDelegate - Bootstrapping Spring Data JPA repositories in DEFAULT mode.
2022-08-22_12-48-38 [restartedMain] INFO  o.s.d.r.c.RepositoryConfigurationDelegate - Finished Spring Data repository scanning in 37 ms. Found 1 JPA repository interfaces.
2022-08-22_12-48-38 [restartedMain] INFO  o.s.cloud.context.scope.GenericScope - BeanFactory id=a3e0be86-1a99-3d5b-b1f0-313fb20b28d2
2022-08-22_12-48-38 [restartedMain] INFO  o.s.b.w.e.tomcat.TomcatWebServer - Tomcat initialized with port(s): 8300 (http)
2022-08-22_12-48-38 [restartedMain] INFO  o.a.coyote.http11.Http11NioProtocol - Initializing ProtocolHandler ["http-nio-8300"]
2022-08-22_12-48-38 [restartedMain] INFO  o.a.catalina.core.StandardService - Starting service [Tomcat]
2022-08-22_12-48-38 [restartedMain] INFO  o.a.catalina.core.StandardEngine - Starting Servlet engine: [Apache Tomcat/9.0.65]
2022-08-22_12-48-38 [restartedMain] INFO  o.a.c.c.C.[.[localhost].[/process] - Initializing Spring embedded WebApplicationContext
2022-08-22_12-48-38 [restartedMain] INFO  o.s.b.w.s.c.ServletWebServerApplicationContext - Root WebApplicationContext: initialization completed in 1609 ms
2022-08-22_12-48-38 [restartedMain] INFO  com.zaxxer.hikari.HikariDataSource - HikariPool-1 - Starting...
2022-08-22_12-48-38 [restartedMain] INFO  com.zaxxer.hikari.HikariDataSource - HikariPool-1 - Start completed.
2022-08-22_12-48-38 [restartedMain] INFO  o.s.b.a.h.H2ConsoleAutoConfiguration - H2 console available at '/h2'. Database available at 'jdbc:h2:mem:testdb'
2022-08-22_12-48-38 [restartedMain] INFO  org.hibernate.Version - HHH000412: Hibernate ORM core version 5.6.10.Final
2022-08-22_12-48-38 [restartedMain] INFO  o.h.annotations.common.Version - HCANN000001: Hibernate Commons Annotations {5.1.2.Final}
2022-08-22_12-48-38 [restartedMain] INFO  org.hibernate.dialect.Dialect - HHH000400: Using dialect: org.hibernate.dialect.H2Dialect
2022-08-22_12-48-38 [restartedMain] INFO  o.h.e.t.j.p.i.JtaPlatformInitiator - HHH000490: Using JtaPlatform implementation: [org.hibernate.engine.transaction.jta.platform.internal.NoJtaPlatform]
2022-08-22_12-48-38 [restartedMain] INFO  o.s.o.j.LocalContainerEntityManagerFactoryBean - Initialized JPA EntityManagerFactory for persistence unit 'default'
2022-08-22_12-48-38 [restartedMain] INFO  o.s.b.a.e.web.EndpointLinksResolver - Exposing 1 endpoint(s) beneath base path '/manage'
2022-08-22_12-48-38 [restartedMain] INFO  o.a.coyote.http11.Http11NioProtocol - Starting ProtocolHandler ["http-nio-8300"]
2022-08-22_12-48-38 [restartedMain] INFO  o.s.b.w.e.tomcat.TomcatWebServer - Tomcat started on port(s): 8300 (http) with context path '/process'
2022-08-22_12-48-38 [restartedMain] INFO  c.p.p.ProcessPensionMicroServiceApplication - Started ProcessPensionMicroServiceApplication in 4.686 seconds (JVM running for 5.588)
2022-08-22_12-48-38 [RMI TCP Connection(3)-127.0.0.1] INFO  o.a.c.c.C.[.[localhost].[/process] - Initializing Spring DispatcherServlet 'dispatcherServlet'
2022-08-22_12-48-38 [RMI TCP Connection(3)-127.0.0.1] INFO  o.s.web.servlet.DispatcherServlet - Initializing Servlet 'dispatcherServlet'
2022-08-22_12-48-38 [RMI TCP Connection(3)-127.0.0.1] INFO  o.s.web.servlet.DispatcherServlet - Completed initialization in 1 ms
2022-08-22_12-48-38 [RMI TCP Connection(6)-127.0.0.1] INFO  o.s.b.a.SpringApplicationAdminMXBeanRegistrar$SpringApplicationAdmin - Application shutdown requested.
2022-08-22_12-48-38 [RMI TCP Connection(6)-127.0.0.1] INFO  o.s.o.j.LocalContainerEntityManagerFactoryBean - Closing JPA EntityManagerFactory for persistence unit 'default'
2022-08-22_12-48-38 [RMI TCP Connection(6)-127.0.0.1] INFO  o.h.t.s.i.SchemaDropperImpl$DelayedDropActionImpl - HHH000477: Starting delayed evictData of schema as part of SessionFactory shut-down'
2022-08-22_12-48-38 [RMI TCP Connection(6)-127.0.0.1] INFO  com.zaxxer.hikari.HikariDataSource - HikariPool-1 - Shutdown initiated...
2022-08-22_12-48-38 [RMI TCP Connection(6)-127.0.0.1] INFO  com.zaxxer.hikari.HikariDataSource - HikariPool-1 - Shutdown completed.
2022-08-22_12-52-14 [main] INFO  o.s.b.t.c.SpringBootTestContextBootstrapper - Neither @ContextConfiguration nor @ContextHierarchy found for test class [com.pension.process.controller.ProcessPensionControllerTest], using SpringBootContextLoader
2022-08-22_12-52-14 [main] INFO  o.s.t.c.s.AbstractContextLoader - Could not detect default resource locations for test class [com.pension.process.controller.ProcessPensionControllerTest]: no resource found for suffixes {-context.xml, Context.groovy}.
2022-08-22_12-52-14 [main] INFO  o.s.t.c.s.AnnotationConfigContextLoaderUtils - Could not detect default configuration classes for test class [com.pension.process.controller.ProcessPensionControllerTest]: ProcessPensionControllerTest does not declare any static, non-private, non-final, nested classes annotated with @Configuration.
2022-08-22_12-52-14 [main] INFO  o.s.b.t.c.SpringBootTestContextBootstrapper - Found @SpringBootConfiguration com.pension.process.ProcessPensionMicroServiceApplication for test class com.pension.process.controller.ProcessPensionControllerTest
2022-08-22_12-52-14 [main] INFO  o.s.b.t.c.SpringBootTestContextBootstrapper - Loaded default TestExecutionListener class names from location [META-INF/spring.factories]: [org.springframework.boot.test.mock.mockito.MockitoTestExecutionListener, org.springframework.boot.test.mock.mockito.ResetMocksTestExecutionListener, org.springframework.boot.test.autoconfigure.restdocs.RestDocsTestExecutionListener, org.springframework.boot.test.autoconfigure.web.client.MockRestServiceServerResetTestExecutionListener, org.springframework.boot.test.autoconfigure.web.servlet.MockMvcPrintOnlyOnFailureTestExecutionListener, org.springframework.boot.test.autoconfigure.web.servlet.WebDriverTestExecutionListener, org.springframework.boot.test.autoconfigure.webservices.client.MockWebServiceServerTestExecutionListener, org.springframework.test.context.web.ServletTestExecutionListener, org.springframework.test.context.support.DirtiesContextBeforeModesTestExecutionListener, org.springframework.test.context.event.ApplicationEventsTestExecutionListener, org.springframework.test.context.support.DependencyInjectionTestExecutionListener, org.springframework.test.context.support.DirtiesContextTestExecutionListener, org.springframework.test.context.transaction.TransactionalTestExecutionListener, org.springframework.test.context.jdbc.SqlScriptsTestExecutionListener, org.springframework.test.context.event.EventPublishingTestExecutionListener]
2022-08-22_12-52-14 [main] INFO  o.s.b.t.c.SpringBootTestContextBootstrapper - Using TestExecutionListeners: [org.springframework.test.context.web.ServletTestExecutionListener@24be2d9c, org.springframework.test.context.support.DirtiesContextBeforeModesTestExecutionListener@5bd73d1a, org.springframework.test.context.event.ApplicationEventsTestExecutionListener@aec50a1, org.springframework.boot.test.mock.mockito.MockitoTestExecutionListener@2555fff0, org.springframework.boot.test.autoconfigure.SpringBootDependencyInjectionTestExecutionListener@70d2e40b, org.springframework.test.context.support.DirtiesContextTestExecutionListener@120f38e6, org.springframework.test.context.transaction.TransactionalTestExecutionListener@7a0e1b5e, org.springframework.test.context.jdbc.SqlScriptsTestExecutionListener@702ed190, org.springframework.test.context.event.EventPublishingTestExecutionListener@173b9122, org.springframework.boot.test.mock.mockito.ResetMocksTestExecutionListener@7c18432b, org.springframework.boot.test.autoconfigure.restdocs.RestDocsTestExecutionListener@7646731d, org.springframework.boot.test.autoconfigure.web.client.MockRestServiceServerResetTestExecutionListener@70e29e14, org.springframework.boot.test.autoconfigure.web.servlet.MockMvcPrintOnlyOnFailureTestExecutionListener@3b1bb3ab, org.springframework.boot.test.autoconfigure.web.servlet.WebDriverTestExecutionListener@5a4bef8, org.springframework.boot.test.autoconfigure.webservices.client.MockWebServiceServerTestExecutionListener@40bffbca]
2022-08-22_12-52-15 [main] INFO  c.p.p.c.ProcessPensionControllerTest - Starting ProcessPensionControllerTest using Java 17.0.3 on DESKTOP-KE8A2D8 with PID 21788 (started by msspy in C:\Users\msspy\Desktop\Git Hub PPM\process-pension-micro-service)
2022-08-22_12-52-15 [main] INFO  c.p.p.c.ProcessPensionControllerTest - No active profile set, falling back to 1 default profile: "default"
2022-08-22_12-52-15 [main] INFO  o.s.d.r.c.RepositoryConfigurationDelegate - Bootstrapping Spring Data JPA repositories in DEFAULT mode.
2022-08-22_12-52-15 [main] INFO  o.s.d.r.c.RepositoryConfigurationDelegate - Finished Spring Data repository scanning in 68 ms. Found 1 JPA repository interfaces.
2022-08-22_12-52-15 [main] INFO  o.s.cloud.context.scope.GenericScope - BeanFactory id=54ebbc02-7e6e-3879-b052-4a837e013e90
2022-08-22_12-52-15 [main] INFO  com.zaxxer.hikari.HikariDataSource - HikariPool-1 - Starting...
2022-08-22_12-52-15 [main] INFO  com.zaxxer.hikari.HikariDataSource - HikariPool-1 - Start completed.
2022-08-22_12-52-15 [main] INFO  org.hibernate.Version - HHH000412: Hibernate ORM core version 5.6.10.Final
2022-08-22_12-52-15 [main] INFO  o.h.annotations.common.Version - HCANN000001: Hibernate Commons Annotations {5.1.2.Final}
2022-08-22_12-52-15 [main] INFO  org.hibernate.dialect.Dialect - HHH000400: Using dialect: org.hibernate.dialect.H2Dialect
2022-08-22_12-52-15 [main] INFO  o.h.e.t.j.p.i.JtaPlatformInitiator - HHH000490: Using JtaPlatform implementation: [org.hibernate.engine.transaction.jta.platform.internal.NoJtaPlatform]
2022-08-22_12-52-15 [main] INFO  o.s.o.j.LocalContainerEntityManagerFactoryBean - Initialized JPA EntityManagerFactory for persistence unit 'default'
2022-08-22_12-52-15 [main] INFO  o.s.b.a.h.H2ConsoleAutoConfiguration - H2 console available at '/h2'. Database available at 'jdbc:h2:mem:testdb'
2022-08-22_12-52-15 [main] INFO  o.s.b.t.m.w.SpringBootMockServletContext - Initializing Spring TestDispatcherServlet ''
2022-08-22_12-52-15 [main] INFO  o.s.t.w.s.TestDispatcherServlet - Initializing Servlet ''
2022-08-22_12-52-15 [main] INFO  o.s.b.a.e.web.EndpointLinksResolver - Exposing 1 endpoint(s) beneath base path '/manage'
2022-08-22_12-52-15 [main] INFO  o.s.t.w.s.TestDispatcherServlet - Completed initialization in 57 ms
2022-08-22_12-52-15 [main] INFO  c.p.p.c.ProcessPensionControllerTest - Started ProcessPensionControllerTest in 7.259 seconds (JVM running for 9.043)
2022-08-22_12-52-15 [main] INFO  c.p.p.c.ProcessPensionController - Token valid :true
2022-08-22_12-52-15 [main] INFO  c.p.p.c.ProcessPensionController - Token valid :true
2022-08-22_12-52-15 [main] INFO  c.p.p.c.ProcessPensionController - Token valid :true
2022-08-22_12-52-15 [main] INFO  o.s.b.t.c.SpringBootTestContextBootstrapper - Neither @ContextConfiguration nor @ContextHierarchy found for test class [com.pension.process.ProcessPensionMicroServiceApplicationTests], using SpringBootContextLoader
2022-08-22_12-52-15 [main] INFO  o.s.t.c.s.AbstractContextLoader - Could not detect default resource locations for test class [com.pension.process.ProcessPensionMicroServiceApplicationTests]: no resource found for suffixes {-context.xml, Context.groovy}.
2022-08-22_12-52-15 [main] INFO  o.s.t.c.s.AnnotationConfigContextLoaderUtils - Could not detect default configuration classes for test class [com.pension.process.ProcessPensionMicroServiceApplicationTests]: ProcessPensionMicroServiceApplicationTests does not declare any static, non-private, non-final, nested classes annotated with @Configuration.
2022-08-22_12-52-15 [main] INFO  o.s.b.t.c.SpringBootTestContextBootstrapper - Found @SpringBootConfiguration com.pension.process.ProcessPensionMicroServiceApplication for test class com.pension.process.ProcessPensionMicroServiceApplicationTests
2022-08-22_12-52-15 [main] INFO  o.s.b.t.c.SpringBootTestContextBootstrapper - Loaded default TestExecutionListener class names from location [META-INF/spring.factories]: [org.springframework.boot.test.mock.mockito.MockitoTestExecutionListener, org.springframework.boot.test.mock.mockito.ResetMocksTestExecutionListener, org.springframework.boot.test.autoconfigure.restdocs.RestDocsTestExecutionListener, org.springframework.boot.test.autoconfigure.web.client.MockRestServiceServerResetTestExecutionListener, org.springframework.boot.test.autoconfigure.web.servlet.MockMvcPrintOnlyOnFailureTestExecutionListener, org.springframework.boot.test.autoconfigure.web.servlet.WebDriverTestExecutionListener, org.springframework.boot.test.autoconfigure.webservices.client.MockWebServiceServerTestExecutionListener, org.springframework.test.context.web.ServletTestExecutionListener, org.springframework.test.context.support.DirtiesContextBeforeModesTestExecutionListener, org.springframework.test.context.event.ApplicationEventsTestExecutionListener, org.springframework.test.context.support.DependencyInjectionTestExecutionListener, org.springframework.test.context.support.DirtiesContextTestExecutionListener, org.springframework.test.context.transaction.TransactionalTestExecutionListener, org.springframework.test.context.jdbc.SqlScriptsTestExecutionListener, org.springframework.test.context.event.EventPublishingTestExecutionListener]
2022-08-22_12-52-15 [main] INFO  o.s.b.t.c.SpringBootTestContextBootstrapper - Using TestExecutionListeners: [org.springframework.test.context.web.ServletTestExecutionListener@367e0b0e, org.springframework.test.context.support.DirtiesContextBeforeModesTestExecutionListener@3049dcac, org.springframework.test.context.event.ApplicationEventsTestExecutionListener@2a20332b, org.springframework.boot.test.mock.mockito.MockitoTestExecutionListener@2cf6b6e6, org.springframework.boot.test.autoconfigure.SpringBootDependencyInjectionTestExecutionListener@6a16ee0d, org.springframework.test.context.support.DirtiesContextTestExecutionListener@1444e35f, org.springframework.test.context.transaction.TransactionalTestExecutionListener@3f563397, org.springframework.test.context.jdbc.SqlScriptsTestExecutionListener@268ee31d, org.springframework.test.context.event.EventPublishingTestExecutionListener@7bb50747, org.springframework.boot.test.mock.mockito.ResetMocksTestExecutionListener@48d84d75, org.springframework.boot.test.autoconfigure.restdocs.RestDocsTestExecutionListener@461c0572, org.springframework.boot.test.autoconfigure.web.client.MockRestServiceServerResetTestExecutionListener@17db90a7, org.springframework.boot.test.autoconfigure.web.servlet.MockMvcPrintOnlyOnFailureTestExecutionListener@44872224, org.springframework.boot.test.autoconfigure.web.servlet.WebDriverTestExecutionListener@4ebe6c24, org.springframework.boot.test.autoconfigure.webservices.client.MockWebServiceServerTestExecutionListener@682fc714]
2022-08-22_12-52-23 [main] INFO  c.p.p.ProcessPensionMicroServiceApplicationTests - Starting ProcessPensionMicroServiceApplicationTests using Java 17.0.3 on DESKTOP-KE8A2D8 with PID 21788 (started by msspy in C:\Users\msspy\Desktop\Git Hub PPM\process-pension-micro-service)
2022-08-22_12-52-23 [main] INFO  c.p.p.ProcessPensionMicroServiceApplicationTests - No active profile set, falling back to 1 default profile: "default"
2022-08-22_12-52-23 [main] INFO  o.s.d.r.c.RepositoryConfigurationDelegate - Bootstrapping Spring Data JPA repositories in DEFAULT mode.
2022-08-22_12-52-23 [main] INFO  o.s.d.r.c.RepositoryConfigurationDelegate - Finished Spring Data repository scanning in 13 ms. Found 1 JPA repository interfaces.
2022-08-22_12-52-23 [main] INFO  o.s.cloud.context.scope.GenericScope - BeanFactory id=7e150407-79f2-38f6-a088-a31dac9076ee
2022-08-22_12-52-23 [main] INFO  com.zaxxer.hikari.HikariDataSource - HikariPool-2 - Starting...
2022-08-22_12-52-23 [main] INFO  com.zaxxer.hikari.HikariDataSource - HikariPool-2 - Start completed.
2022-08-22_12-52-23 [main] INFO  org.hibernate.dialect.Dialect - HHH000400: Using dialect: org.hibernate.dialect.H2Dialect
2022-08-22_12-52-23 [main] INFO  o.h.e.t.j.p.i.JtaPlatformInitiator - HHH000490: Using JtaPlatform implementation: [org.hibernate.engine.transaction.jta.platform.internal.NoJtaPlatform]
2022-08-22_12-52-23 [main] INFO  o.s.o.j.LocalContainerEntityManagerFactoryBean - Initialized JPA EntityManagerFactory for persistence unit 'default'
2022-08-22_12-52-23 [main] INFO  o.s.b.a.h.H2ConsoleAutoConfiguration - H2 console available at '/h2'. Database available at 'jdbc:h2:mem:testdb'
2022-08-22_12-52-23 [main] INFO  o.s.b.a.e.web.EndpointLinksResolver - Exposing 1 endpoint(s) beneath base path '/manage'
2022-08-22_12-52-23 [main] INFO  c.p.p.ProcessPensionMicroServiceApplicationTests - Started ProcessPensionMicroServiceApplicationTests in 2.305 seconds (JVM running for 11.995)
2022-08-22_12-52-23 [main] INFO  o.s.b.t.a.o.j.DataJpaTestContextBootstrapper - Neither @ContextConfiguration nor @ContextHierarchy found for test class [com.pension.process.repository.PensionDetailsRepositoryTests], using SpringBootContextLoader
2022-08-22_12-52-23 [main] INFO  o.s.t.c.s.AbstractContextLoader - Could not detect default resource locations for test class [com.pension.process.repository.PensionDetailsRepositoryTests]: no resource found for suffixes {-context.xml, Context.groovy}.
2022-08-22_12-52-23 [main] INFO  o.s.t.c.s.AnnotationConfigContextLoaderUtils - Could not detect default configuration classes for test class [com.pension.process.repository.PensionDetailsRepositoryTests]: PensionDetailsRepositoryTests does not declare any static, non-private, non-final, nested classes annotated with @Configuration.
2022-08-22_12-52-23 [main] INFO  o.s.b.t.c.SpringBootTestContextBootstrapper - Found @SpringBootConfiguration com.pension.process.ProcessPensionMicroServiceApplication for test class com.pension.process.repository.PensionDetailsRepositoryTests
2022-08-22_12-52-23 [main] INFO  o.s.b.t.a.o.j.DataJpaTestContextBootstrapper - Loaded default TestExecutionListener class names from location [META-INF/spring.factories]: [org.springframework.boot.test.mock.mockito.MockitoTestExecutionListener, org.springframework.boot.test.mock.mockito.ResetMocksTestExecutionListener, org.springframework.boot.test.autoconfigure.restdocs.RestDocsTestExecutionListener, org.springframework.boot.test.autoconfigure.web.client.MockRestServiceServerResetTestExecutionListener, org.springframework.boot.test.autoconfigure.web.servlet.MockMvcPrintOnlyOnFailureTestExecutionListener, org.springframework.boot.test.autoconfigure.web.servlet.WebDriverTestExecutionListener, org.springframework.boot.test.autoconfigure.webservices.client.MockWebServiceServerTestExecutionListener, org.springframework.test.context.web.ServletTestExecutionListener, org.springframework.test.context.support.DirtiesContextBeforeModesTestExecutionListener, org.springframework.test.context.event.ApplicationEventsTestExecutionListener, org.springframework.test.context.support.DependencyInjectionTestExecutionListener, org.springframework.test.context.support.DirtiesContextTestExecutionListener, org.springframework.test.context.transaction.TransactionalTestExecutionListener, org.springframework.test.context.jdbc.SqlScriptsTestExecutionListener, org.springframework.test.context.event.EventPublishingTestExecutionListener]
2022-08-22_12-52-23 [main] INFO  o.s.b.t.a.o.j.DataJpaTestContextBootstrapper - Using TestExecutionListeners: [org.springframework.test.context.web.ServletTestExecutionListener@1c61011b, org.springframework.test.context.support.DirtiesContextBeforeModesTestExecutionListener@75af5f2a, org.springframework.test.context.event.ApplicationEventsTestExecutionListener@adc06b2, org.springframework.boot.test.mock.mockito.MockitoTestExecutionListener@728cf276, org.springframework.boot.test.autoconfigure.SpringBootDependencyInjectionTestExecutionListener@66f15ce5, org.springframework.test.context.support.DirtiesContextTestExecutionListener@69a8191e, org.springframework.test.context.transaction.TransactionalTestExecutionListener@3ab7b0f, org.springframework.test.context.jdbc.SqlScriptsTestExecutionListener@1621264e, org.springframework.test.context.event.EventPublishingTestExecutionListener@7a5b561b, org.springframework.boot.test.mock.mockito.ResetMocksTestExecutionListener@5392c0a7, org.springframework.boot.test.autoconfigure.restdocs.RestDocsTestExecutionListener@bb9bad9, org.springframework.boot.test.autoconfigure.web.client.MockRestServiceServerResetTestExecutionListener@1435feb6, org.springframework.boot.test.autoconfigure.web.servlet.MockMvcPrintOnlyOnFailureTestExecutionListener@34fe89a5, org.springframework.boot.test.autoconfigure.web.servlet.WebDriverTestExecutionListener@71acf065, org.springframework.boot.test.autoconfigure.webservices.client.MockWebServiceServerTestExecutionListener@3705e3fb]
2022-08-22_12-52-25 [main] INFO  c.p.p.r.PensionDetailsRepositoryTests - Starting PensionDetailsRepositoryTests using Java 17.0.3 on DESKTOP-KE8A2D8 with PID 21788 (started by msspy in C:\Users\msspy\Desktop\Git Hub PPM\process-pension-micro-service)
2022-08-22_12-52-25 [main] INFO  c.p.p.r.PensionDetailsRepositoryTests - No active profile set, falling back to 1 default profile: "default"
2022-08-22_12-52-25 [main] INFO  o.s.d.r.c.RepositoryConfigurationDelegate - Bootstrapping Spring Data JPA repositories in DEFAULT mode.
2022-08-22_12-52-25 [main] INFO  o.s.d.r.c.RepositoryConfigurationDelegate - Finished Spring Data repository scanning in 14 ms. Found 1 JPA repository interfaces.
2022-08-22_12-52-25 [main] INFO  o.s.b.t.a.j.TestDatabaseAutoConfiguration$EmbeddedDataSourceBeanFactoryPostProcessor - Replacing 'dataSource' DataSource bean with embedded version
2022-08-22_12-52-25 [main] INFO  o.s.j.d.e.EmbeddedDatabaseFactory - Starting embedded database: url='jdbc:h2:mem:d7636f22-cf65-47fe-b495-80d0fa737ded;DB_CLOSE_DELAY=-1;DB_CLOSE_ON_EXIT=false', username='sa'
2022-08-22_12-52-25 [main] INFO  org.hibernate.dialect.Dialect - HHH000400: Using dialect: org.hibernate.dialect.H2Dialect
2022-08-22_12-52-25 [main] INFO  o.h.e.t.j.p.i.JtaPlatformInitiator - HHH000490: Using JtaPlatform implementation: [org.hibernate.engine.transaction.jta.platform.internal.NoJtaPlatform]
2022-08-22_12-52-25 [main] INFO  o.s.o.j.LocalContainerEntityManagerFactoryBean - Initialized JPA EntityManagerFactory for persistence unit 'default'
2022-08-22_12-52-25 [main] INFO  c.p.p.r.PensionDetailsRepositoryTests - Started PensionDetailsRepositoryTests in 0.699 seconds (JVM running for 12.762)
2022-08-22_12-52-25 [main] INFO  o.s.t.c.t.TransactionContext - Began transaction (1) for test context [DefaultTestContext@cfe7be3 testClass = PensionDetailsRepositoryTests, testInstance = com.pension.process.repository.PensionDetailsRepositoryTests@42b6acc2, testMethod = verifyRepositoryByPersistingPensionerDetails@PensionDetailsRepositoryTests, testException = [null], mergedContextConfiguration = [MergedContextConfiguration@4c0d7878 testClass = PensionDetailsRepositoryTests, locations = '{}', classes = '{class com.pension.process.ProcessPensionMicroServiceApplication}', contextInitializerClasses = '[]', activeProfiles = '{}', propertySourceLocations = '{}', propertySourceProperties = '{org.springframework.boot.test.autoconfigure.orm.jpa.DataJpaTestContextBootstrapper=true}', contextCustomizers = set[[ImportsContextCustomizer@5a349644 key = [org.springframework.boot.autoconfigure.cache.CacheAutoConfiguration, org.springframework.boot.autoconfigure.data.jpa.JpaRepositoriesAutoConfiguration, org.springframework.boot.autoconfigure.flyway.FlywayAutoConfiguration, org.springframework.boot.autoconfigure.jdbc.DataSourceAutoConfiguration, org.springframework.boot.autoconfigure.jdbc.DataSourceTransactionManagerAutoConfiguration, org.springframework.boot.autoconfigure.jdbc.JdbcTemplateAutoConfiguration, org.springframework.boot.autoconfigure.liquibase.LiquibaseAutoConfiguration, org.springframework.boot.autoconfigure.orm.jpa.HibernateJpaAutoConfiguration, org.springframework.boot.autoconfigure.sql.init.SqlInitializationAutoConfiguration, org.springframework.boot.autoconfigure.transaction.TransactionAutoConfiguration, org.springframework.boot.test.autoconfigure.jdbc.TestDatabaseAutoConfiguration, org.springframework.boot.test.autoconfigure.orm.jpa.TestEntityManagerAutoConfiguration]], org.springframework.boot.test.context.filter.ExcludeFilterContextCustomizer@bf1ec20, org.springframework.boot.test.json.DuplicateJsonObjectContextCustomizerFactory$DuplicateJsonObjectContextCustomizer@435fb7b5, org.springframework.boot.test.mock.mockito.MockitoContextCustomizer@0, org.springframework.boot.test.autoconfigure.OverrideAutoConfigurationContextCustomizerFactory$DisableAutoConfigurationContextCustomizer@7aa4ef24, org.springframework.boot.test.autoconfigure.actuate.metrics.MetricsExportContextCustomizerFactory$DisableMetricExportContextCustomizer@4351c8c3, org.springframework.boot.test.autoconfigure.filter.TypeExcludeFiltersContextCustomizer@351584c0, org.springframework.boot.test.autoconfigure.properties.PropertyMappingContextCustomizer@d1bb88b, org.springframework.boot.test.autoconfigure.web.servlet.WebDriverContextCustomizerFactory$Customizer@655f7ea, org.springframework.boot.test.context.SpringBootTestArgs@1, org.springframework.boot.test.context.SpringBootTestWebEnvironment@0], contextLoader = 'org.springframework.boot.test.context.SpringBootContextLoader', parent = [null]], attributes = map['org.springframework.test.context.event.ApplicationEventsTestExecutionListener.recordApplicationEvents' -> false]]; transaction manager [org.springframework.orm.jpa.JpaTransactionManager@4d343793]; rollback [true]
2022-08-22_12-52-25 [main] INFO  o.s.t.c.t.TransactionContext - Rolled back transaction for test: [DefaultTestContext@cfe7be3 testClass = PensionDetailsRepositoryTests, testInstance = com.pension.process.repository.PensionDetailsRepositoryTests@42b6acc2, testMethod = verifyRepositoryByPersistingPensionerDetails@PensionDetailsRepositoryTests, testException = [null], mergedContextConfiguration = [MergedContextConfiguration@4c0d7878 testClass = PensionDetailsRepositoryTests, locations = '{}', classes = '{class com.pension.process.ProcessPensionMicroServiceApplication}', contextInitializerClasses = '[]', activeProfiles = '{}', propertySourceLocations = '{}', propertySourceProperties = '{org.springframework.boot.test.autoconfigure.orm.jpa.DataJpaTestContextBootstrapper=true}', contextCustomizers = set[[ImportsContextCustomizer@5a349644 key = [org.springframework.boot.autoconfigure.cache.CacheAutoConfiguration, org.springframework.boot.autoconfigure.data.jpa.JpaRepositoriesAutoConfiguration, org.springframework.boot.autoconfigure.flyway.FlywayAutoConfiguration, org.springframework.boot.autoconfigure.jdbc.DataSourceAutoConfiguration, org.springframework.boot.autoconfigure.jdbc.DataSourceTransactionManagerAutoConfiguration, org.springframework.boot.autoconfigure.jdbc.JdbcTemplateAutoConfiguration, org.springframework.boot.autoconfigure.liquibase.LiquibaseAutoConfiguration, org.springframework.boot.autoconfigure.orm.jpa.HibernateJpaAutoConfiguration, org.springframework.boot.autoconfigure.sql.init.SqlInitializationAutoConfiguration, org.springframework.boot.autoconfigure.transaction.TransactionAutoConfiguration, org.springframework.boot.test.autoconfigure.jdbc.TestDatabaseAutoConfiguration, org.springframework.boot.test.autoconfigure.orm.jpa.TestEntityManagerAutoConfiguration]], org.springframework.boot.test.context.filter.ExcludeFilterContextCustomizer@bf1ec20, org.springframework.boot.test.json.DuplicateJsonObjectContextCustomizerFactory$DuplicateJsonObjectContextCustomizer@435fb7b5, org.springframework.boot.test.mock.mockito.MockitoContextCustomizer@0, org.springframework.boot.test.autoconfigure.OverrideAutoConfigurationContextCustomizerFactory$DisableAutoConfigurationContextCustomizer@7aa4ef24, org.springframework.boot.test.autoconfigure.actuate.metrics.MetricsExportContextCustomizerFactory$DisableMetricExportContextCustomizer@4351c8c3, org.springframework.boot.test.autoconfigure.filter.TypeExcludeFiltersContextCustomizer@351584c0, org.springframework.boot.test.autoconfigure.properties.PropertyMappingContextCustomizer@d1bb88b, org.springframework.boot.test.autoconfigure.web.servlet.WebDriverContextCustomizerFactory$Customizer@655f7ea, org.springframework.boot.test.context.SpringBootTestArgs@1, org.springframework.boot.test.context.SpringBootTestWebEnvironment@0], contextLoader = 'org.springframework.boot.test.context.SpringBootContextLoader', parent = [null]], attributes = map['org.springframework.test.context.event.ApplicationEventsTestExecutionListener.recordApplicationEvents' -> false]]
2022-08-22_12-52-25 [main] INFO  o.s.b.t.c.SpringBootTestContextBootstrapper - Neither @ContextConfiguration nor @ContextHierarchy found for test class [com.pension.process.service.ProcessPensionServiceTest], using SpringBootContextLoader
2022-08-22_12-52-25 [main] INFO  o.s.t.c.s.AbstractContextLoader - Could not detect default resource locations for test class [com.pension.process.service.ProcessPensionServiceTest]: no resource found for suffixes {-context.xml, Context.groovy}.
2022-08-22_12-52-25 [main] INFO  o.s.t.c.s.AnnotationConfigContextLoaderUtils - Could not detect default configuration classes for test class [com.pension.process.service.ProcessPensionServiceTest]: ProcessPensionServiceTest does not declare any static, non-private, non-final, nested classes annotated with @Configuration.
2022-08-22_12-52-25 [main] INFO  o.s.b.t.c.SpringBootTestContextBootstrapper - Found @SpringBootConfiguration com.pension.process.ProcessPensionMicroServiceApplication for test class com.pension.process.service.ProcessPensionServiceTest
2022-08-22_12-52-25 [main] INFO  o.s.b.t.c.SpringBootTestContextBootstrapper - Loaded default TestExecutionListener class names from location [META-INF/spring.factories]: [org.springframework.boot.test.mock.mockito.MockitoTestExecutionListener, org.springframework.boot.test.mock.mockito.ResetMocksTestExecutionListener, org.springframework.boot.test.autoconfigure.restdocs.RestDocsTestExecutionListener, org.springframework.boot.test.autoconfigure.web.client.MockRestServiceServerResetTestExecutionListener, org.springframework.boot.test.autoconfigure.web.servlet.MockMvcPrintOnlyOnFailureTestExecutionListener, org.springframework.boot.test.autoconfigure.web.servlet.WebDriverTestExecutionListener, org.springframework.boot.test.autoconfigure.webservices.client.MockWebServiceServerTestExecutionListener, org.springframework.test.context.web.ServletTestExecutionListener, org.springframework.test.context.support.DirtiesContextBeforeModesTestExecutionListener, org.springframework.test.context.event.ApplicationEventsTestExecutionListener, org.springframework.test.context.support.DependencyInjectionTestExecutionListener, org.springframework.test.context.support.DirtiesContextTestExecutionListener, org.springframework.test.context.transaction.TransactionalTestExecutionListener, org.springframework.test.context.jdbc.SqlScriptsTestExecutionListener, org.springframework.test.context.event.EventPublishingTestExecutionListener]
2022-08-22_12-52-25 [main] INFO  o.s.b.t.c.SpringBootTestContextBootstrapper - Using TestExecutionListeners: [org.springframework.test.context.web.ServletTestExecutionListener@12e5f7cb, org.springframework.test.context.support.DirtiesContextBeforeModesTestExecutionListener@2df05bd1, org.springframework.test.context.event.ApplicationEventsTestExecutionListener@6d821475, org.springframework.boot.test.mock.mockito.MockitoTestExecutionListener@588b2d7a, org.springframework.boot.test.autoconfigure.SpringBootDependencyInjectionTestExecutionListener@656dc20f, org.springframework.test.context.support.DirtiesContextTestExecutionListener@4a6c33a0, org.springframework.test.context.transaction.TransactionalTestExecutionListener@37b0a724, org.springframework.test.context.jdbc.SqlScriptsTestExecutionListener@36d1ac55, org.springframework.test.context.event.EventPublishingTestExecutionListener@3da76d3a, org.springframework.boot.test.mock.mockito.ResetMocksTestExecutionListener@167da81d, org.springframework.boot.test.autoconfigure.restdocs.RestDocsTestExecutionListener@24c6a471, org.springframework.boot.test.autoconfigure.web.client.MockRestServiceServerResetTestExecutionListener@1fce17b8, org.springframework.boot.test.autoconfigure.web.servlet.MockMvcPrintOnlyOnFailureTestExecutionListener@190677c6, org.springframework.boot.test.autoconfigure.web.servlet.WebDriverTestExecutionListener@62c019bb, org.springframework.boot.test.autoconfigure.webservices.client.MockWebServiceServerTestExecutionListener@7334dcbe]
2022-08-22_12-52-26 [main] INFO  c.p.p.s.ProcessPensionServiceTest - Starting ProcessPensionServiceTest using Java 17.0.3 on DESKTOP-KE8A2D8 with PID 21788 (started by msspy in C:\Users\msspy\Desktop\Git Hub PPM\process-pension-micro-service)
2022-08-22_12-52-26 [main] INFO  c.p.p.s.ProcessPensionServiceTest - No active profile set, falling back to 1 default profile: "default"
2022-08-22_12-52-26 [main] INFO  o.s.d.r.c.RepositoryConfigurationDelegate - Bootstrapping Spring Data JPA repositories in DEFAULT mode.
2022-08-22_12-52-26 [main] INFO  o.s.d.r.c.RepositoryConfigurationDelegate - Finished Spring Data repository scanning in 18 ms. Found 1 JPA repository interfaces.
2022-08-22_12-52-26 [main] INFO  o.s.cloud.context.scope.GenericScope - BeanFactory id=54ebbc02-7e6e-3879-b052-4a837e013e90
2022-08-22_12-52-26 [main] INFO  com.zaxxer.hikari.HikariDataSource - HikariPool-3 - Starting...
2022-08-22_12-52-26 [main] INFO  com.zaxxer.hikari.HikariDataSource - HikariPool-3 - Start completed.
2022-08-22_12-52-26 [main] INFO  org.hibernate.dialect.Dialect - HHH000400: Using dialect: org.hibernate.dialect.H2Dialect
2022-08-22_12-52-26 [main] INFO  o.h.e.t.j.p.i.JtaPlatformInitiator - HHH000490: Using JtaPlatform implementation: [org.hibernate.engine.transaction.jta.platform.internal.NoJtaPlatform]
2022-08-22_12-52-26 [main] INFO  o.s.o.j.LocalContainerEntityManagerFactoryBean - Initialized JPA EntityManagerFactory for persistence unit 'default'
2022-08-22_12-52-26 [main] INFO  o.s.b.a.h.H2ConsoleAutoConfiguration - H2 console available at '/h2'. Database available at 'jdbc:h2:mem:testdb'
2022-08-22_12-52-26 [main] INFO  o.s.b.t.m.w.SpringBootMockServletContext - Initializing Spring TestDispatcherServlet ''
2022-08-22_12-52-26 [main] INFO  o.s.t.w.s.TestDispatcherServlet - Initializing Servlet ''
2022-08-22_12-52-26 [main] INFO  o.s.b.a.e.web.EndpointLinksResolver - Exposing 1 endpoint(s) beneath base path '/manage'
2022-08-22_12-52-26 [main] INFO  o.s.t.w.s.TestDispatcherServlet - Completed initialization in 48 ms
2022-08-22_12-52-26 [main] INFO  c.p.p.s.ProcessPensionServiceTest - Started ProcessPensionServiceTest in 1.914 seconds (JVM running for 14.829)
2022-08-22_12-52-26 [SpringApplicationShutdownHook] INFO  o.s.o.j.LocalContainerEntityManagerFactoryBean - Closing JPA EntityManagerFactory for persistence unit 'default'
2022-08-22_12-52-26 [SpringApplicationShutdownHook] INFO  o.h.t.s.i.SchemaDropperImpl$DelayedDropActionImpl - HHH000477: Starting delayed evictData of schema as part of SessionFactory shut-down'
2022-08-22_12-52-26 [SpringApplicationShutdownHook] INFO  com.zaxxer.hikari.HikariDataSource - HikariPool-1 - Shutdown initiated...
2022-08-22_12-52-26 [SpringApplicationShutdownHook] INFO  com.zaxxer.hikari.HikariDataSource - HikariPool-1 - Shutdown completed.
2022-08-22_12-52-26 [SpringApplicationShutdownHook] INFO  o.s.o.j.LocalContainerEntityManagerFactoryBean - Closing JPA EntityManagerFactory for persistence unit 'default'
2022-08-22_12-52-26 [SpringApplicationShutdownHook] INFO  o.h.t.s.i.SchemaDropperImpl$DelayedDropActionImpl - HHH000477: Starting delayed evictData of schema as part of SessionFactory shut-down'
2022-08-22_12-52-26 [SpringApplicationShutdownHook] INFO  com.zaxxer.hikari.HikariDataSource - HikariPool-2 - Shutdown initiated...
2022-08-22_12-52-26 [SpringApplicationShutdownHook] INFO  com.zaxxer.hikari.HikariDataSource - HikariPool-2 - Shutdown completed.
2022-08-22_12-52-26 [SpringApplicationShutdownHook] INFO  o.s.o.j.LocalContainerEntityManagerFactoryBean - Closing JPA EntityManagerFactory for persistence unit 'default'
2022-08-22_12-52-26 [SpringApplicationShutdownHook] INFO  o.h.t.s.i.SchemaDropperImpl$DelayedDropActionImpl - HHH000477: Starting delayed evictData of schema as part of SessionFactory shut-down'
2022-08-22_12-52-26 [SpringApplicationShutdownHook] INFO  o.s.o.j.LocalContainerEntityManagerFactoryBean - Closing JPA EntityManagerFactory for persistence unit 'default'
2022-08-22_12-52-26 [SpringApplicationShutdownHook] INFO  o.h.t.s.i.SchemaDropperImpl$DelayedDropActionImpl - HHH000477: Starting delayed evictData of schema as part of SessionFactory shut-down'
2022-08-22_12-52-26 [SpringApplicationShutdownHook] INFO  com.zaxxer.hikari.HikariDataSource - HikariPool-3 - Shutdown initiated...
2022-08-22_12-52-26 [SpringApplicationShutdownHook] INFO  com.zaxxer.hikari.HikariDataSource - HikariPool-3 - Shutdown completed.
